📦 Importing 133 invoices to real dashboard...

✅ Found user: admin@testcompany.ae
✅ Company: Test Company LLC
✅ Company ID: 9a1b69f0-89e7-4a02-8065-d7f6bd810ed8

Found 133 PDF files


📋 Processing batch 1/14
   Processing: 049 SS25 Drop 2  .pdf
Uploading PDF to S3: {
  bucket: 'reminder-mvp-textract-pdfs',
  key: 'invoices/1759771432286-049 SS25 Drop 2  .pdf',
  size: 74179
}
S3 upload successful
Starting Textract async job: {
  bucket: 'reminder-mvp-textract-pdfs',
  key: 'invoices/1759771432286-049 SS25 Drop 2  .pdf'
}
Textract job started: 27c475e1a4583545d4c5b0a06c58994d198dd09517dd63ffe1f8d0f46dbc0cd2
Polling Textract job (attempt 1/60): 27c475e1a4583545d4c5b0a06c58994d198dd09517dd63ffe1f8d0f46dbc0cd2
Job status: IN_PROGRESS
Polling Textract job (attempt 2/60): 27c475e1a4583545d4c5b0a06c58994d198dd09517dd63ffe1f8d0f46dbc0cd2
Job status: IN_PROGRESS
Polling Textract job (attempt 3/60): 27c475e1a4583545d4c5b0a06c58994d198dd09517dd63ffe1f8d0f46dbc0cd2
Job status: IN_PROGRESS
Polling Textract job (attempt 4/60): 27c475e1a4583545d4c5b0a06c58994d198dd09517dd63ffe1f8d0f46dbc0cd2
Job status: IN_PROGRESS
Polling Textract job (attempt 5/60): 27c475e1a4583545d4c5b0a06c58994d198dd09517dd63ffe1f8d0f46dbc0cd2
Job status: IN_PROGRESS
Polling Textract job (attempt 6/60): 27c475e1a4583545d4c5b0a06c58994d198dd09517dd63ffe1f8d0f46dbc0cd2
Job status: IN_PROGRESS
Polling Textract job (attempt 7/60): 27c475e1a4583545d4c5b0a06c58994d198dd09517dd63ffe1f8d0f46dbc0cd2
Job status: SUCCEEDED
Textract job completed, blocks: 663
Extracted text length: 3303
First 200 chars: INVOICE P P Invoice number V01250265 Invoice date 02-19-2025 Debtor number 10392 Your VAT IT05517750286 P P 049 srl Pop Trading Company 80 Via Santa Lucia Sint Annendwarsstraat 3 a PADOVA 35139 1012 H
Textract async extraction complete: {
  invoiceNumber: 'V01250265',
  customerName: '049 srl',
  totalAmount: 2170,
  confidence: 100
}
S3 cleanup successful: invoices/1759771432286-049 SS25 Drop 2  .pdf
   ✅ 049 SS25 Drop 2  .pdf: V01250265 - €2170
   Processing: Above The Clouds AW25 Drop-1.pdf
Uploading PDF to S3: {
  bucket: 'reminder-mvp-textract-pdfs',
  key: 'invoices/1759771469586-Above The Clouds AW25 Drop-1.pdf',
  size: 300372
}
S3 upload successful
Starting Textract async job: {
  bucket: 'reminder-mvp-textract-pdfs',
  key: 'invoices/1759771469586-Above The Clouds AW25 Drop-1.pdf'
}
Textract job started: ef442c8fa56e1bcf469e9ffea4843cf7c5dea7b5cdfade2a7bd590a8a93399e3
Polling Textract job (attempt 1/60): ef442c8fa56e1bcf469e9ffea4843cf7c5dea7b5cdfade2a7bd590a8a93399e3
Job status: IN_PROGRESS
Polling Textract job (attempt 2/60): ef442c8fa56e1bcf469e9ffea4843cf7c5dea7b5cdfade2a7bd590a8a93399e3
Job status: IN_PROGRESS
Polling Textract job (attempt 3/60): ef442c8fa56e1bcf469e9ffea4843cf7c5dea7b5cdfade2a7bd590a8a93399e3
Job status: IN_PROGRESS
Polling Textract job (attempt 4/60): ef442c8fa56e1bcf469e9ffea4843cf7c5dea7b5cdfade2a7bd590a8a93399e3
Job status: SUCCEEDED
Textract job completed, blocks: 689
Extracted text length: 3454
First 200 chars: INVOICE P P Invoice number V01250703 Invoice date 07-15-2025 Debtor number 10313 P P Above The Clouds Pop Trading Company 78 Applebee St, St Peters Sint Annendwarsstraat 3 a SYDNEY 2044 1012 HC AMSTER
Textract async extraction complete: {
  invoiceNumber: 'V01250703',
  customerName: 'Above The Clouds',
  totalAmount: 7978,
  confidence: 100
}
S3 cleanup successful: invoices/1759771469586-Above The Clouds AW25 Drop-1.pdf
   ✅ Above The Clouds AW25 Drop-1.pdf: V01250703 - €7978
   Processing: Above The Clouds SS25 Drop 1 NOS.pdf
Uploading PDF to S3: {
  bucket: 'reminder-mvp-textract-pdfs',
  key: 'invoices/1759771491206-Above The Clouds SS25 Drop 1 NOS.pdf',
  size: 74257
}
S3 upload successful
Starting Textract async job: {
  bucket: 'reminder-mvp-textract-pdfs',
  key: 'invoices/1759771491206-Above The Clouds SS25 Drop 1 NOS.pdf'
}
Textract job started: d9c2c1c633f27ff5ffb87992b21b3b28fd2e70ee3277d61dabc5566f126a969e
Polling Textract job (attempt 1/60): d9c2c1c633f27ff5ffb87992b21b3b28fd2e70ee3277d61dabc5566f126a969e
Job status: IN_PROGRESS
Polling Textract job (attempt 2/60): d9c2c1c633f27ff5ffb87992b21b3b28fd2e70ee3277d61dabc5566f126a969e
Job status: IN_PROGRESS
Polling Textract job (attempt 3/60): d9c2c1c633f27ff5ffb87992b21b3b28fd2e70ee3277d61dabc5566f126a969e
Job status: SUCCEEDED
Textract job completed, blocks: 556
Extracted text length: 2755
First 200 chars: INVOICE P P Invoice number V01250077 Invoice date 01-29-2025 Debtor number 10313 P P Above The Clouds Pop Trading Company 78 Applebee St, St Peters Sint Annendwarsstraat 3 a SYDNEY 2044 1012 HC AMSTER
Textract async extraction complete: {
  invoiceNumber: 'V01250077',
  customerName: 'Above The Clouds',
  totalAmount: 2348,
  confidence: 100
}
S3 cleanup successful: invoices/1759771491206-Above The Clouds SS25 Drop 1 NOS.pdf
   ✅ Above The Clouds SS25 Drop 1 NOS.pdf: V01250077 - €2348
   Processing: Above the Clouds SS25 Drop 2  .pdf
Uploading PDF to S3: {
  bucket: 'reminder-mvp-textract-pdfs',
  key: 'invoices/1759771507828-Above the Clouds SS25 Drop 2  .pdf',
  size: 74594
}
S3 upload successful
Starting Textract async job: {
  bucket: 'reminder-mvp-textract-pdfs',
  key: 'invoices/1759771507828-Above the Clouds SS25 Drop 2  .pdf'
}
Textract job started: 2f6aaf917a7328f26f2c51d34401d5d7e5627997511236baffb73e2f0aa0f494
Polling Textract job (attempt 1/60): 2f6aaf917a7328f26f2c51d34401d5d7e5627997511236baffb73e2f0aa0f494
Job status: IN_PROGRESS
Polling Textract job (attempt 2/60): 2f6aaf917a7328f26f2c51d34401d5d7e5627997511236baffb73e2f0aa0f494
Job status: SUCCEEDED
Textract job completed, blocks: 603
Extracted text length: 3031
First 200 chars: INVOICE P P Invoice number V01250256 Invoice date 02-19-2025 Debtor number 10313 P P Above The Clouds Pop Trading Company 78 Applebee St, St Peters Sint Annendwarsstraat 3 a SYDNEY 2044 1012 HC AMSTER
Textract async extraction complete: {
  invoiceNumber: 'V01250256',
  customerName: 'Above The Clouds',
  totalAmount: 4070,
  confidence: 100
}
S3 cleanup successful: invoices/1759771507828-Above the Clouds SS25 Drop 2  .pdf
   ✅ Above the Clouds SS25 Drop 2  .pdf: V01250256 - €4070
   Processing: Bijenkorf SS25 Drop 1  .pdf
Uploading PDF to S3: {
  bucket: 'reminder-mvp-textract-pdfs',
  key: 'invoices/1759771519190-Bijenkorf SS25 Drop 1  .pdf',
  size: 75565
}
S3 upload successful
Starting Textract async job: {
  bucket: 'reminder-mvp-textract-pdfs',
  key: 'invoices/1759771519190-Bijenkorf SS25 Drop 1  .pdf'
}
Textract job started: cf2416da2bc5574851822b749860f79c797541b7b1414477ecee7364cd8c066d
Polling Textract job (attempt 1/60): cf2416da2bc5574851822b749860f79c797541b7b1414477ecee7364cd8c066d
Job status: IN_PROGRESS
Polling Textract job (attempt 2/60): cf2416da2bc5574851822b749860f79c797541b7b1414477ecee7364cd8c066d
Job status: IN_PROGRESS
Polling Textract job (attempt 3/60): cf2416da2bc5574851822b749860f79c797541b7b1414477ecee7364cd8c066d
Job status: SUCCEEDED
Textract job completed, blocks: 893
Extracted text length: 4459
First 200 chars: INVOICE P P Invoice number V01250056 Invoice date 01-28-2025 Debtor number 10386 P P De Bijenkorf Pop Trading Company Postbus 12870 Sint Annendwarsstraat 3 a 1100 AW AMSTERDAM 1012 HC AMSTERDAM info@p
Textract async extraction complete: {
  invoiceNumber: 'V01250056',
  customerName: 'De Bijenkorf',
  totalAmount: 42027,
  confidence: 95
}
S3 cleanup successful: invoices/1759771519190-Bijenkorf SS25 Drop 1  .pdf
   ✅ Bijenkorf SS25 Drop 1  .pdf: V01250056 - €42027
   Processing: Bijenkorf SS25 Drop 2  .pdf
Uploading PDF to S3: {
  bucket: 'reminder-mvp-textract-pdfs',
  key: 'invoices/1759771534756-Bijenkorf SS25 Drop 2  .pdf',
  size: 75550
}
S3 upload successful
Starting Textract async job: {
  bucket: 'reminder-mvp-textract-pdfs',
  key: 'invoices/1759771534756-Bijenkorf SS25 Drop 2  .pdf'
}
Textract job started: 9e2c7d86bb446c19666d8073714046ba56585d2c30cefec6761225643b04ee1f
Polling Textract job (attempt 1/60): 9e2c7d86bb446c19666d8073714046ba56585d2c30cefec6761225643b04ee1f
Job status: IN_PROGRESS
Polling Textract job (attempt 2/60): 9e2c7d86bb446c19666d8073714046ba56585d2c30cefec6761225643b04ee1f
Job status: IN_PROGRESS
Polling Textract job (attempt 3/60): 9e2c7d86bb446c19666d8073714046ba56585d2c30cefec6761225643b04ee1f
Job status: SUCCEEDED
Textract job completed, blocks: 808
Extracted text length: 4072
First 200 chars: INVOICE P P Invoice number V01250234 Invoice date 02-19-2025 Debtor number 10386 P P De Bijenkorf Pop Trading Company Postbus 12870 Sint Annendwarsstraat 3 a 1100 AW AMSTERDAM 1012 HC AMSTERDAM info@p
Textract async extraction complete: {
  invoiceNumber: 'V01250234',
  customerName: 'De Bijenkorf',
  totalAmount: 32118,
  confidence: 95
}
S3 cleanup successful: invoices/1759771534756-Bijenkorf SS25 Drop 2  .pdf
   ✅ Bijenkorf SS25 Drop 2  .pdf: V01250234 - €32118
   Processing: Bijenkorf SS25 NOS .pdf
Uploading PDF to S3: {
  bucket: 'reminder-mvp-textract-pdfs',
  key: 'invoices/1759771550664-Bijenkorf SS25 NOS .pdf',
  size: 72694
}
S3 upload successful
Starting Textract async job: {
  bucket: 'reminder-mvp-textract-pdfs',
  key: 'invoices/1759771550664-Bijenkorf SS25 NOS .pdf'
}
Textract job started: 652a292be58290b4c03f23fe16400d30b0fc07a6cbfabfd4dedb10dac694e9a1
Polling Textract job (attempt 1/60): 652a292be58290b4c03f23fe16400d30b0fc07a6cbfabfd4dedb10dac694e9a1
Job status: IN_PROGRESS
Polling Textract job (attempt 2/60): 652a292be58290b4c03f23fe16400d30b0fc07a6cbfabfd4dedb10dac694e9a1
Job status: SUCCEEDED
Textract job completed, blocks: 501
Extracted text length: 2504
First 200 chars: INVOICE P P Invoice number V01250009 Invoice date 01-08-2025 Debtor number 10386 P P De Bijenkorf Pop Trading Company Postbus 12870 Sint Annendwarsstraat 3 a 1100 AW AMSTERDAM 1012 HC AMSTERDAM info@p
Textract async extraction complete: {
  invoiceNumber: 'V01250009',
  customerName: 'De Bijenkorf',
  totalAmount: 18088,
  confidence: 95
}
S3 cleanup successful: invoices/1759771550664-Bijenkorf SS25 NOS .pdf
   ✅ Bijenkorf SS25 NOS .pdf: V01250009 - €18088
   Processing: Block 60 SS25 Drop 1.pdf
Uploading PDF to S3: {
  bucket: 'reminder-mvp-textract-pdfs',
  key: 'invoices/1759771560631-Block 60 SS25 Drop 1.pdf',
  size: 73313
}
S3 upload successful
Starting Textract async job: {
  bucket: 'reminder-mvp-textract-pdfs',
  key: 'invoices/1759771560631-Block 60 SS25 Drop 1.pdf'
}
Textract job started: cda25ba86671fcb3aa34ed5925f87b73976ec9f26e4fa1832a43571fa25750f5
Polling Textract job (attempt 1/60): cda25ba86671fcb3aa34ed5925f87b73976ec9f26e4fa1832a43571fa25750f5
Job status: IN_PROGRESS
Polling Textract job (attempt 2/60): cda25ba86671fcb3aa34ed5925f87b73976ec9f26e4fa1832a43571fa25750f5
Job status: IN_PROGRESS
Polling Textract job (attempt 3/60): cda25ba86671fcb3aa34ed5925f87b73976ec9f26e4fa1832a43571fa25750f5
Job status: SUCCEEDED
Textract job completed, blocks: 522
Extracted text length: 2610
First 200 chars: INVOICE P P Invoice number V01250087 Invoice date 01-29-2025 Debtor number 10394 Your VAT IT03866900404 P P Save Srl (Block60) Pop Trading Company Viale Ceccarini Angolo Via Virgilio, c/o Sint Annendw
Textract async extraction complete: {
  invoiceNumber: 'V01250087',
  customerName: 'Save Srl (Block60)',
  totalAmount: 1220,
  confidence: 100
}
S3 cleanup successful: invoices/1759771560631-Block 60 SS25 Drop 1.pdf
   ✅ Block 60 SS25 Drop 1.pdf: V01250087 - €1220
   Processing: Block60 SS25 Drop 2  .pdf
Uploading PDF to S3: {
  bucket: 'reminder-mvp-textract-pdfs',
  key: 'invoices/1759771575911-Block60 SS25 Drop 2  .pdf',
  size: 76438
}
S3 upload successful
Starting Textract async job: {
  bucket: 'reminder-mvp-textract-pdfs',
  key: 'invoices/1759771575911-Block60 SS25 Drop 2  .pdf'
}
Textract job started: b6dc7143cd5c27a38c26a78e9df32c75ecab0b344b8b40fce37574b0289c8679
Polling Textract job (attempt 1/60): b6dc7143cd5c27a38c26a78e9df32c75ecab0b344b8b40fce37574b0289c8679
Job status: IN_PROGRESS
Polling Textract job (attempt 2/60): b6dc7143cd5c27a38c26a78e9df32c75ecab0b344b8b40fce37574b0289c8679
Job status: IN_PROGRESS
Polling Textract job (attempt 3/60): b6dc7143cd5c27a38c26a78e9df32c75ecab0b344b8b40fce37574b0289c8679
Job status: SUCCEEDED
Textract job completed, blocks: 844
Extracted text length: 4205
First 200 chars: INVOICE P P Invoice number V01250266 Invoice date 02-19-2025 Debtor number 10394 Your VAT IT03866900404 P P Save Srl (Block60) Pop Trading Company Viale Ceccarini Angolo Via Virgilio, c/o Sint Annendw
Textract async extraction complete: {
  invoiceNumber: 'V01250266',
  customerName: 'Save Srl (Block60)',
  totalAmount: 3210,
  confidence: 100
}
S3 cleanup successful: invoices/1759771575911-Block60 SS25 Drop 2  .pdf
   ✅ Block60 SS25 Drop 2  .pdf: V01250266 - €3210
   Processing: Bottega Backdoor SS25 Drop 1 NOS.pdf
Uploading PDF to S3: {
  bucket: 'reminder-mvp-textract-pdfs',
  key: 'invoices/1759771592132-Bottega Backdoor SS25 Drop 1 NOS.pdf',
  size: 75188
}
S3 upload successful
Starting Textract async job: {
  bucket: 'reminder-mvp-textract-pdfs',
  key: 'invoices/1759771592132-Bottega Backdoor SS25 Drop 1 NOS.pdf'
}
Textract job started: 2991a762a7f7f2349d01fbdf8532c3b9a5f347a9d4878823e8427b3ced7eb998
Polling Textract job (attempt 1/60): 2991a762a7f7f2349d01fbdf8532c3b9a5f347a9d4878823e8427b3ced7eb998
Job status: IN_PROGRESS
Polling Textract job (attempt 2/60): 2991a762a7f7f2349d01fbdf8532c3b9a5f347a9d4878823e8427b3ced7eb998
Job status: IN_PROGRESS
Polling Textract job (attempt 3/60): 2991a762a7f7f2349d01fbdf8532c3b9a5f347a9d4878823e8427b3ced7eb998
Job status: SUCCEEDED
Textract job completed, blocks: 700
Extracted text length: 3476
First 200 chars: INVOICE P P Invoice number V01250080 Invoice date 01-29-2025 Debtor number 10348 Your VAT IT02749051203 P P Bottega Backdoor Pop Trading Company 3 A Piazza Galileo Sint Annendwarsstraat 3 a BOLOGNA 40
Textract async extraction complete: {
  invoiceNumber: 'V01250080',
  customerName: 'Bottega Backdoor',
  totalAmount: 2811,
  confidence: 100
}
S3 cleanup successful: invoices/1759771592132-Bottega Backdoor SS25 Drop 1 NOS.pdf
   ✅ Bottega Backdoor SS25 Drop 1 NOS.pdf: V01250080 - €2811
   ⏸️  Pausing 5s...

📋 Processing batch 2/14
   Processing: Bottega Backdoor SS25 Drop 2  .pdf
Uploading PDF to S3: {
  bucket: 'reminder-mvp-textract-pdfs',
  key: 'invoices/1759771612507-Bottega Backdoor SS25 Drop 2  .pdf',
  size: 72450
}
S3 upload successful
Starting Textract async job: {
  bucket: 'reminder-mvp-textract-pdfs',
  key: 'invoices/1759771612507-Bottega Backdoor SS25 Drop 2  .pdf'
}
Textract job started: acc838648dc341094dc743de3ba42e07b3f1ce87b18591971c10c186fa2ba4b1
Polling Textract job (attempt 1/60): acc838648dc341094dc743de3ba42e07b3f1ce87b18591971c10c186fa2ba4b1
Job status: IN_PROGRESS
Polling Textract job (attempt 2/60): acc838648dc341094dc743de3ba42e07b3f1ce87b18591971c10c186fa2ba4b1
Job status: SUCCEEDED
Textract job completed, blocks: 524
Extracted text length: 2634
First 200 chars: INVOICE P P Invoice number V01250259 Invoice date 02-19-2025 Debtor number 10348 Your VAT IT02749051203 P P Bottega Backdoor Pop Trading Company 3 A Piazza Galileo Sint Annendwarsstraat 3 a BOLOGNA 40
Textract async extraction complete: {
  invoiceNumber: 'V01250259',
  customerName: 'Bottega Backdoor',
  totalAmount: 2152,
  confidence: 100
}
S3 cleanup successful: invoices/1759771612507-Bottega Backdoor SS25 Drop 2  .pdf
   ✅ Bottega Backdoor SS25 Drop 2  .pdf: V01250259 - €2152
   Processing: Club 21 Malaysia SS25 Drop 1.pdf
Uploading PDF to S3: {
  bucket: 'reminder-mvp-textract-pdfs',
  key: 'invoices/1759771623669-Club 21 Malaysia SS25 Drop 1.pdf',
  size: 76832
}
S3 upload successful
Starting Textract async job: {
  bucket: 'reminder-mvp-textract-pdfs',
  key: 'invoices/1759771623669-Club 21 Malaysia SS25 Drop 1.pdf'
}
Textract job started: f8dccfca277682e6896db96aa4a2865ba1d65eb38e0a314b650b7c6789869f38
Polling Textract job (attempt 1/60): f8dccfca277682e6896db96aa4a2865ba1d65eb38e0a314b650b7c6789869f38
Job status: IN_PROGRESS
Polling Textract job (attempt 2/60): f8dccfca277682e6896db96aa4a2865ba1d65eb38e0a314b650b7c6789869f38
Job status: IN_PROGRESS
Polling Textract job (attempt 3/60): f8dccfca277682e6896db96aa4a2865ba1d65eb38e0a314b650b7c6789869f38
Job status: SUCCEEDED
Textract job completed, blocks: 703
Extracted text length: 3518
First 200 chars: INVOICE P P Invoice number V01250064 Invoice date 01-29-2025 Debtor number 10426 P P Club Twenty-One Retail (Malaysia) : Pop Trading Company 17th floor Menara Hap Seng Letter Box Sint Annendwarsstraat
Textract async extraction complete: {
  invoiceNumber: 'V01250064',
  customerName: 'Club Twenty-One Retail (Malaysia) :',
  totalAmount: 4526,
  confidence: 100
}
S3 cleanup successful: invoices/1759771623669-Club 21 Malaysia SS25 Drop 1.pdf
   ✅ Club 21 Malaysia SS25 Drop 1.pdf: V01250064 - €4526
   Processing: Club21 Malaysia SS25 Drop 2  .pdf
Uploading PDF to S3: {
  bucket: 'reminder-mvp-textract-pdfs',
  key: 'invoices/1759771639051-Club21 Malaysia SS25 Drop 2  .pdf',
  size: 75445
}
S3 upload successful
Starting Textract async job: {
  bucket: 'reminder-mvp-textract-pdfs',
  key: 'invoices/1759771639051-Club21 Malaysia SS25 Drop 2  .pdf'
}
Textract job started: e13327fc951b8cb4d7ec38dd7676231210e645d4827ad11ac0ff8c2b19da95ca
Polling Textract job (attempt 1/60): e13327fc951b8cb4d7ec38dd7676231210e645d4827ad11ac0ff8c2b19da95ca
Job status: IN_PROGRESS
Polling Textract job (attempt 2/60): e13327fc951b8cb4d7ec38dd7676231210e645d4827ad11ac0ff8c2b19da95ca
Job status: IN_PROGRESS
Polling Textract job (attempt 3/60): e13327fc951b8cb4d7ec38dd7676231210e645d4827ad11ac0ff8c2b19da95ca
Job status: SUCCEEDED
Textract job completed, blocks: 568
Extracted text length: 2856
First 200 chars: INVOICE P P Invoice number V01250243 Invoice date 02-19-2025 Debtor number 10426 P P Club Twenty-One Retail (Malaysia) : Pop Trading Company 17th floor Menara Hap Seng Letter Box Sint Annendwarsstraat
Textract async extraction complete: {
  invoiceNumber: 'V01250243',
  customerName: 'Club Twenty-One Retail (Malaysia) :',
  totalAmount: 4108,
  confidence: 100
}
S3 cleanup successful: invoices/1759771639051-Club21 Malaysia SS25 Drop 2  .pdf
   ✅ Club21 Malaysia SS25 Drop 2  .pdf: V01250243 - €4108
   Processing: Club21 Malaysia SS25 NOS  .pdf
Uploading PDF to S3: {
  bucket: 'reminder-mvp-textract-pdfs',
  key: 'invoices/1759771654829-Club21 Malaysia SS25 NOS  .pdf',
  size: 73460
}
S3 upload successful
Starting Textract async job: {
  bucket: 'reminder-mvp-textract-pdfs',
  key: 'invoices/1759771654829-Club21 Malaysia SS25 NOS  .pdf'
}
Textract job started: 02e687dd9b0426806a360dfa70763adad30897b1887f2592c7e175d0aa3ca361
Polling Textract job (attempt 1/60): 02e687dd9b0426806a360dfa70763adad30897b1887f2592c7e175d0aa3ca361
Job status: IN_PROGRESS
Polling Textract job (attempt 2/60): 02e687dd9b0426806a360dfa70763adad30897b1887f2592c7e175d0aa3ca361
Job status: IN_PROGRESS
Polling Textract job (attempt 3/60): 02e687dd9b0426806a360dfa70763adad30897b1887f2592c7e175d0aa3ca361
Job status: SUCCEEDED
Textract job completed, blocks: 380
Extracted text length: 1909
First 200 chars: INVOICE P P Invoice number V01250015 Invoice date 01-09-2025 Debtor number 10426 P P Club Twenty-One Retail (Malaysia) : Pop Trading Company 17th floor Menara Hap Seng Letter Box Sint Annendwarsstraat
Textract async extraction complete: {
  invoiceNumber: 'V01250015',
  customerName: 'Club Twenty-One Retail (Malaysia) :',
  totalAmount: 2228,
  confidence: 100
}
S3 cleanup successful: invoices/1759771654829-Club21 Malaysia SS25 NOS  .pdf
   ✅ Club21 Malaysia SS25 NOS  .pdf: V01250015 - €2228
   Processing: Crowdless SS25 Drop 1 NOS.pdf
Uploading PDF to S3: {
  bucket: 'reminder-mvp-textract-pdfs',
  key: 'invoices/1759771670060-Crowdless SS25 Drop 1 NOS.pdf',
  size: 144085
}
S3 upload successful
Starting Textract async job: {
  bucket: 'reminder-mvp-textract-pdfs',
  key: 'invoices/1759771670060-Crowdless SS25 Drop 1 NOS.pdf'
}
Textract job started: 6c8fd5391a558f26363003bcb903eedf53d6c4f89075c749d6bfbf8e9d22a95e
Polling Textract job (attempt 1/60): 6c8fd5391a558f26363003bcb903eedf53d6c4f89075c749d6bfbf8e9d22a95e
Job status: IN_PROGRESS
Polling Textract job (attempt 2/60): 6c8fd5391a558f26363003bcb903eedf53d6c4f89075c749d6bfbf8e9d22a95e
Job status: IN_PROGRESS
Polling Textract job (attempt 3/60): 6c8fd5391a558f26363003bcb903eedf53d6c4f89075c749d6bfbf8e9d22a95e
Job status: SUCCEEDED
Textract job completed, blocks: 767
Extracted text length: 3862
First 200 chars: INVOICE P P Invoice number V01250102 Invoice date 01-29-2025 Debtor number 10317 P P Crowdless Pop Trading Company Almohamdeya dist jondob ibn kaab st villa Sint Annendwarsstraat 3 a 93 1012 HC AMSTER
Textract async extraction complete: {
  invoiceNumber: 'V01250102',
  customerName: 'Crowdless',
  totalAmount: 1075,
  confidence: 100
}
S3 cleanup successful: invoices/1759771670060-Crowdless SS25 Drop 1 NOS.pdf
   ✅ Crowdless SS25 Drop 1 NOS.pdf: V01250102 - €1075
   Processing: Crowdless SS25 Drop 2  .pdf
Uploading PDF to S3: {
  bucket: 'reminder-mvp-textract-pdfs',
  key: 'invoices/1759771685721-Crowdless SS25 Drop 2  .pdf',
  size: 70863
}
S3 upload successful
Starting Textract async job: {
  bucket: 'reminder-mvp-textract-pdfs',
  key: 'invoices/1759771685721-Crowdless SS25 Drop 2  .pdf'
}
Textract job started: 27a8020dfedfdce3505d074859e0d4a73dec19b2d4f6109ab46b5acf15fc42ae
Polling Textract job (attempt 1/60): 27a8020dfedfdce3505d074859e0d4a73dec19b2d4f6109ab46b5acf15fc42ae
Job status: IN_PROGRESS
Polling Textract job (attempt 2/60): 27a8020dfedfdce3505d074859e0d4a73dec19b2d4f6109ab46b5acf15fc42ae
Job status: IN_PROGRESS
Polling Textract job (attempt 3/60): 27a8020dfedfdce3505d074859e0d4a73dec19b2d4f6109ab46b5acf15fc42ae
Job status: SUCCEEDED
Textract job completed, blocks: 329
Extracted text length: 1694
First 200 chars: INVOICE P P Invoice number V01250281 Invoice date 02-19-2025 Debtor number 10317 P P Crowdless Pop Trading Company Almohamdeya dist jondob ibn kaab st villa Sint Annendwarsstraat 3 a 93 1012 HC AMSTER
Textract async extraction complete: {
  invoiceNumber: 'V01250281',
  customerName: 'Crowdless',
  totalAmount: 1940,
  confidence: 100
}
S3 cleanup successful: invoices/1759771685721-Crowdless SS25 Drop 2  .pdf
   ✅ Crowdless SS25 Drop 2  .pdf: V01250281 - €1940
   Processing: Duck SS25 Drop 1 NOS.pdf
Uploading PDF to S3: {
  bucket: 'reminder-mvp-textract-pdfs',
  key: 'invoices/1759771702354-Duck SS25 Drop 1 NOS.pdf',
  size: 74426
}
S3 upload successful
Starting Textract async job: {
  bucket: 'reminder-mvp-textract-pdfs',
  key: 'invoices/1759771702354-Duck SS25 Drop 1 NOS.pdf'
}
Textract job started: 827a7a30a0d78fd3fbbf549658139c1f31089d8c66a64ccd952360f649f84ab5
Polling Textract job (attempt 1/60): 827a7a30a0d78fd3fbbf549658139c1f31089d8c66a64ccd952360f649f84ab5
Job status: IN_PROGRESS
Polling Textract job (attempt 2/60): 827a7a30a0d78fd3fbbf549658139c1f31089d8c66a64ccd952360f649f84ab5
Job status: IN_PROGRESS
Polling Textract job (attempt 3/60): 827a7a30a0d78fd3fbbf549658139c1f31089d8c66a64ccd952360f649f84ab5
Job status: SUCCEEDED
Textract job completed, blocks: 688
Extracted text length: 3373
First 200 chars: INVOICE P P Invoice number V01250097 Invoice date 01-29-2025 Debtor number 10422 Your VAT BE0424180604 P P Cape Cod SA/Duck Pop Trading Company Rue Saint Adalbert 18 Sint Annendwarsstraat 3 a 4000 LIE
Textract async extraction complete: {
  invoiceNumber: 'V01250097',
  customerName: 'Cape Cod SA/Duck',
  totalAmount: 1992,
  confidence: 100
}
S3 cleanup successful: invoices/1759771702354-Duck SS25 Drop 1 NOS.pdf
   ✅ Duck SS25 Drop 1 NOS.pdf: V01250097 - €1992
   Processing: Duck SS25 Drop 2  .pdf
Uploading PDF to S3: {
  bucket: 'reminder-mvp-textract-pdfs',
  key: 'invoices/1759771717954-Duck SS25 Drop 2  .pdf',
  size: 71923
}
S3 upload successful
Starting Textract async job: {
  bucket: 'reminder-mvp-textract-pdfs',
  key: 'invoices/1759771717954-Duck SS25 Drop 2  .pdf'
}
Textract job started: 07a32963e64a3c3980f5ae49a2eb33f3f7afe27eec23fd08899ed1af4c46b7a2
Polling Textract job (attempt 1/60): 07a32963e64a3c3980f5ae49a2eb33f3f7afe27eec23fd08899ed1af4c46b7a2
Job status: IN_PROGRESS
Polling Textract job (attempt 2/60): 07a32963e64a3c3980f5ae49a2eb33f3f7afe27eec23fd08899ed1af4c46b7a2
Job status: IN_PROGRESS
Polling Textract job (attempt 3/60): 07a32963e64a3c3980f5ae49a2eb33f3f7afe27eec23fd08899ed1af4c46b7a2
Job status: SUCCEEDED
Textract job completed, blocks: 477
Extracted text length: 2410
First 200 chars: INVOICE P P Invoice number V01250276 Invoice date 02-19-2025 Debtor number 10422 Your VAT BE0424180604 P P Cape Cod SA/Duck Pop Trading Company Rue Saint Adalbert 18 Sint Annendwarsstraat 3 a 4000 LIE
Textract async extraction complete: {
  invoiceNumber: 'V01250276',
  customerName: 'Cape Cod SA/Duck',
  totalAmount: 1972,
  confidence: 100
}
S3 cleanup successful: invoices/1759771717954-Duck SS25 Drop 2  .pdf
   ✅ Duck SS25 Drop 2  .pdf: V01250276 - €1972
   Processing: END SS25 Drop 2  .pdf
Uploading PDF to S3: {
  bucket: 'reminder-mvp-textract-pdfs',
  key: 'invoices/1759771734437-END SS25 Drop 2  .pdf',
  size: 74976
}
S3 upload successful
Starting Textract async job: {
  bucket: 'reminder-mvp-textract-pdfs',
  key: 'invoices/1759771734437-END SS25 Drop 2  .pdf'
}
Textract job started: 1fc6b299e3b2ea5f45acf2f107864283273d671b0d465b926538eb30d5745692
Polling Textract job (attempt 1/60): 1fc6b299e3b2ea5f45acf2f107864283273d671b0d465b926538eb30d5745692
Job status: IN_PROGRESS
Polling Textract job (attempt 2/60): 1fc6b299e3b2ea5f45acf2f107864283273d671b0d465b926538eb30d5745692
Job status: IN_PROGRESS
Polling Textract job (attempt 3/60): 1fc6b299e3b2ea5f45acf2f107864283273d671b0d465b926538eb30d5745692
Job status: SUCCEEDED
Textract job completed, blocks: 690
Extracted text length: 3459
First 200 chars: INVOICE P P Invoice number V01250235 Invoice date 02-19-2025 Debtor number 10141 P P Ashworth & Parker Ltd T/A END / El Pop Trading Company Parsons Road 1 Sint Annendwarsstraat 3 a WASHINGTON NE37 1EZ
Textract async extraction complete: {
  invoiceNumber: 'V01250235',
  customerName: 'Ashworth & Parker Ltd T/A END / El',
  totalAmount: 12424,
  confidence: 100
}
S3 cleanup successful: invoices/1759771734437-END SS25 Drop 2  .pdf
   ✅ END SS25 Drop 2  .pdf: V01250235 - €12424
   Processing: END SS25 NOS  .pdf
Uploading PDF to S3: {
  bucket: 'reminder-mvp-textract-pdfs',
  key: 'invoices/1759771749735-END SS25 NOS  .pdf',
  size: 72655
}
S3 upload successful
Starting Textract async job: {
  bucket: 'reminder-mvp-textract-pdfs',
  key: 'invoices/1759771749735-END SS25 NOS  .pdf'
}
Textract job started: 877ea9958296faa1b39a990345f9a219e9227f88ec6fb35ab81cc23c8519f5a4
Polling Textract job (attempt 1/60): 877ea9958296faa1b39a990345f9a219e9227f88ec6fb35ab81cc23c8519f5a4
Job status: IN_PROGRESS
Polling Textract job (attempt 2/60): 877ea9958296faa1b39a990345f9a219e9227f88ec6fb35ab81cc23c8519f5a4
Job status: IN_PROGRESS
Polling Textract job (attempt 3/60): 877ea9958296faa1b39a990345f9a219e9227f88ec6fb35ab81cc23c8519f5a4
Job status: SUCCEEDED
Textract job completed, blocks: 378
Extracted text length: 1889
First 200 chars: INVOICE P P Invoice number V01250011 Invoice date 01-08-2025 Debtor number 10141 P P Ashworth & Parker Ltd T/A END / El Pop Trading Company Parsons Road 1 Sint Annendwarsstraat 3 a WASHINGTON NE37 1EZ
Textract async extraction complete: {
  invoiceNumber: 'V01250011',
  customerName: 'Ashworth & Parker Ltd T/A END / El',
  totalAmount: 3656,
  confidence: 100
}
S3 cleanup successful: invoices/1759771749735-END SS25 NOS  .pdf
   ✅ END SS25 NOS  .pdf: V01250011 - €3656
   ⏸️  Pausing 5s...

📋 Processing batch 3/14
   Processing: Effetti SS25 Drop 1 NOS.pdf
Uploading PDF to S3: {
  bucket: 'reminder-mvp-textract-pdfs',
  key: 'invoices/1759771769738-Effetti SS25 Drop 1 NOS.pdf',
  size: 75898
}
S3 upload successful
Starting Textract async job: {
  bucket: 'reminder-mvp-textract-pdfs',
  key: 'invoices/1759771769738-Effetti SS25 Drop 1 NOS.pdf'
}
Textract job started: bad028ac38641df3c6d44e6c32943a2ff99bb3c7f7bc7e0ad49d95a241570e9d
Polling Textract job (attempt 1/60): bad028ac38641df3c6d44e6c32943a2ff99bb3c7f7bc7e0ad49d95a241570e9d
Job status: IN_PROGRESS
Polling Textract job (attempt 2/60): bad028ac38641df3c6d44e6c32943a2ff99bb3c7f7bc7e0ad49d95a241570e9d
Job status: IN_PROGRESS
Polling Textract job (attempt 3/60): bad028ac38641df3c6d44e6c32943a2ff99bb3c7f7bc7e0ad49d95a241570e9d
Job status: SUCCEEDED
Textract job completed, blocks: 894
Extracted text length: 4427
First 200 chars: INVOICE P P Invoice number V01250088 Invoice date 01-29-2025 Debtor number 10391 Your VAT IT01787190691 P P Effetti Di Tritapepe Riccardo Pop Trading Company 10 Via Renzetti Sint Annendwarsstraat 3 a 
Textract async extraction complete: {
  invoiceNumber: 'V01250088',
  customerName: 'Effetti Di Tritapepe Riccardo',
  totalAmount: 2672,
  confidence: 100
}
S3 cleanup successful: invoices/1759771769738-Effetti SS25 Drop 1 NOS.pdf
   ✅ Effetti SS25 Drop 1 NOS.pdf: V01250088 - €2672
   Processing: Effetti SS25 Drop 2  .pdf
Uploading PDF to S3: {
  bucket: 'reminder-mvp-textract-pdfs',
  key: 'invoices/1759771786400-Effetti SS25 Drop 2  .pdf',
  size: 74687
}
S3 upload successful
Starting Textract async job: {
  bucket: 'reminder-mvp-textract-pdfs',
  key: 'invoices/1759771786400-Effetti SS25 Drop 2  .pdf'
}
Textract job started: 49a847a17d58b3160d71aed95882be3b7fe573e1cb338919e68a5af1cd203020
Polling Textract job (attempt 1/60): 49a847a17d58b3160d71aed95882be3b7fe573e1cb338919e68a5af1cd203020
Job status: IN_PROGRESS
Polling Textract job (attempt 2/60): 49a847a17d58b3160d71aed95882be3b7fe573e1cb338919e68a5af1cd203020
Job status: SUCCEEDED
Textract job completed, blocks: 897
Extracted text length: 4460
First 200 chars: INVOICE P P Invoice number V01250267 Invoice date 02-19-2025 Debtor number 10391 Your VAT IT01787190691 P P Effetti Di Tritapepe Riccardo Pop Trading Company 10 Via Renzetti Sint Annendwarsstraat 3 a 
Textract async extraction complete: {
  invoiceNumber: 'V01250267',
  customerName: 'Effetti Di Tritapepe Riccardo',
  totalAmount: 2240,
  confidence: 100
}
S3 cleanup successful: invoices/1759771786400-Effetti SS25 Drop 2  .pdf
   ✅ Effetti SS25 Drop 2  .pdf: V01250267 - €2240
   Processing: Eksikon NUW SS25 Drop 1 NOS .pdf
Uploading PDF to S3: {
  bucket: 'reminder-mvp-textract-pdfs',
  key: 'invoices/1759771796619-Eksikon NUW SS25 Drop 1 NOS .pdf',
  size: 83825
}
S3 upload successful
Starting Textract async job: {
  bucket: 'reminder-mvp-textract-pdfs',
  key: 'invoices/1759771796619-Eksikon NUW SS25 Drop 1 NOS .pdf'
}
Textract job started: 09a09e7b7fcea28858070dbcd1065c39b3492016aed91f4e874dce661f8756cf
Polling Textract job (attempt 1/60): 09a09e7b7fcea28858070dbcd1065c39b3492016aed91f4e874dce661f8756cf
Job status: IN_PROGRESS
Polling Textract job (attempt 2/60): 09a09e7b7fcea28858070dbcd1065c39b3492016aed91f4e874dce661f8756cf
Job status: IN_PROGRESS
Polling Textract job (attempt 3/60): 09a09e7b7fcea28858070dbcd1065c39b3492016aed91f4e874dce661f8756cf
Job status: SUCCEEDED
Textract job completed, blocks: 2280
Extracted text length: 10987
First 200 chars: INVOICE P P Invoice number V01250059 Invoice date 01-28-2025 Debtor number 10353 Your VAT 9715394818 P P Eksikon Trading Limited Pop Trading Company Lucky Centre, Wan Chai Road 701 7/F Sint Annendwars
Textract async extraction complete: {
  invoiceNumber: 'V01250059',
  customerName: 'Eksikon Trading Limited',
  totalAmount: 13361,
  confidence: 100
}
S3 cleanup successful: invoices/1759771796619-Eksikon NUW SS25 Drop 1 NOS .pdf
   ✅ Eksikon NUW SS25 Drop 1 NOS .pdf: V01250059 - €13361
   Processing: Eksikon NUW SS25 Drop 2  .pdf
Uploading PDF to S3: {
  bucket: 'reminder-mvp-textract-pdfs',
  key: 'invoices/1759771813600-Eksikon NUW SS25 Drop 2  .pdf',
  size: 75708
}
S3 upload successful
Starting Textract async job: {
  bucket: 'reminder-mvp-textract-pdfs',
  key: 'invoices/1759771813600-Eksikon NUW SS25 Drop 2  .pdf'
}
Textract job started: 9e84765f0b30f53425139f96270cd3ce810e68d47d32ca38743a7e6f935de052
Polling Textract job (attempt 1/60): 9e84765f0b30f53425139f96270cd3ce810e68d47d32ca38743a7e6f935de052
Job status: IN_PROGRESS
Polling Textract job (attempt 2/60): 9e84765f0b30f53425139f96270cd3ce810e68d47d32ca38743a7e6f935de052
Job status: IN_PROGRESS
Polling Textract job (attempt 3/60): 9e84765f0b30f53425139f96270cd3ce810e68d47d32ca38743a7e6f935de052
Job status: SUCCEEDED
Textract job completed, blocks: 1000
Extracted text length: 4968
First 200 chars: INVOICE P P Invoice number V01250237 Invoice date 02-19-2025 Debtor number 10353 Your VAT 9715394818 P P Eksikon Trading Limited Pop Trading Company Lucky Centre, Wan Chai Road 701 7/F Sint Annendwars
Textract async extraction complete: {
  invoiceNumber: 'V01250237',
  customerName: 'Eksikon Trading Limited',
  totalAmount: 5759,
  confidence: 100
}
S3 cleanup successful: invoices/1759771813600-Eksikon NUW SS25 Drop 2  .pdf
   ✅ Eksikon NUW SS25 Drop 2  .pdf: V01250237 - €5759
   Processing: End Clothing SS25 Drop 1.pdf
Uploading PDF to S3: {
  bucket: 'reminder-mvp-textract-pdfs',
  key: 'invoices/1759771829340-End Clothing SS25 Drop 1.pdf',
  size: 74778
}
S3 upload successful
Starting Textract async job: {
  bucket: 'reminder-mvp-textract-pdfs',
  key: 'invoices/1759771829340-End Clothing SS25 Drop 1.pdf'
}
Textract job started: 539cb4f8362149cfc725c6a11412dc4c9c220bc96c6b9653d4cbe59c5fc4dc4d
Polling Textract job (attempt 1/60): 539cb4f8362149cfc725c6a11412dc4c9c220bc96c6b9653d4cbe59c5fc4dc4d
Job status: IN_PROGRESS
Polling Textract job (attempt 2/60): 539cb4f8362149cfc725c6a11412dc4c9c220bc96c6b9653d4cbe59c5fc4dc4d
Job status: IN_PROGRESS
Polling Textract job (attempt 3/60): 539cb4f8362149cfc725c6a11412dc4c9c220bc96c6b9653d4cbe59c5fc4dc4d
Job status: SUCCEEDED
Textract job completed, blocks: 635
Extracted text length: 3192
First 200 chars: INVOICE P P Invoice number V01250057 Invoice date 01-28-2025 Debtor number 10141 P P Ashworth & Parker Ltd T/A END / El Pop Trading Company Parsons Road 1 Sint Annendwarsstraat 3 a WASHINGTON NE37 1EZ
Textract async extraction complete: {
  invoiceNumber: 'V01250057',
  customerName: 'Ashworth & Parker Ltd T/A END / El',
  totalAmount: 9208,
  confidence: 100
}
S3 cleanup successful: invoices/1759771829340-End Clothing SS25 Drop 1.pdf
   ✅ End Clothing SS25 Drop 1.pdf: V01250057 - €9208
   Processing: FWRD SS25 Drop 1.pdf
Uploading PDF to S3: {
  bucket: 'reminder-mvp-textract-pdfs',
  key: 'invoices/1759771845656-FWRD SS25 Drop 1.pdf',
  size: 81925
}
S3 upload failed: Error: read EADDRNOTAVAIL
    at TLSWrap.onStreamRead (node:internal/stream_base_commons:216:20) {
  errno: -49,
  code: 'EADDRNOTAVAIL',
  syscall: 'read',
  '$metadata': { attempts: 1, totalRetryDelay: 0 }
}
Textract async parsing error: Error: Failed to upload PDF to S3: read EADDRNOTAVAIL
    at Function.uploadToS3 (/Users/ibbs/Development/reminder-mvp/src/lib/services/textract-async-parser.ts:78:13)
    at process.processTicksAndRejections (node:internal/process/task_queues:105:5)
    at async Function.parseInvoicePDF (/Users/ibbs/Development/reminder-mvp/src/lib/services/textract-async-parser.ts:423:26)
    at async importToRealDashboard (/Users/ibbs/Development/reminder-mvp/scripts/import-real-invoices.ts:56:27)
   ❌ FWRD SS25 Drop 1.pdf: Failed to parse PDF with Textract async: Failed to upload PDF to S3: read EADDRNOTAVAIL
   Processing: FWRD SS25 Drop 2  .pdf
Uploading PDF to S3: {
  bucket: 'reminder-mvp-textract-pdfs',
  key: 'invoices/1759771857925-FWRD SS25 Drop 2  .pdf',
  size: 71735
}
S3 upload successful
Starting Textract async job: {
  bucket: 'reminder-mvp-textract-pdfs',
  key: 'invoices/1759771857925-FWRD SS25 Drop 2  .pdf'
}
Textract job started: 2a05dadd924606d07579d9fee35e276b05cce1fe6e29feb576ce968825ace1d0
Polling Textract job (attempt 1/60): 2a05dadd924606d07579d9fee35e276b05cce1fe6e29feb576ce968825ace1d0
Job status: IN_PROGRESS
Polling Textract job (attempt 2/60): 2a05dadd924606d07579d9fee35e276b05cce1fe6e29feb576ce968825ace1d0
Job status: IN_PROGRESS
Polling Textract job (attempt 3/60): 2a05dadd924606d07579d9fee35e276b05cce1fe6e29feb576ce968825ace1d0
Job status: SUCCEEDED
Textract job completed, blocks: 771
Extracted text length: 3833
First 200 chars: INVOICE P P Invoice number V01250248 Invoice date 02-19-2025 Debtor number 10388 P P FWRD LLC FORWARD LLC ADDRESS Pop Trading Company 12889 Moore St 6901 Marlin Cir La Palma Sint Annendwarsstraat 3 a 
Textract async extraction complete: {
  invoiceNumber: 'V01250248',
  customerName: 'FWRD LLC FORWARD LLC ADDRESS',
  totalAmount: 4748,
  confidence: 100
}
S3 cleanup successful: invoices/1759771857925-FWRD SS25 Drop 2  .pdf
prisma:error 
Invalid `prisma.invoices.findFirst()` invocation in
/Users/ibbs/Development/reminder-mvp/scripts/import-real-invoices.ts:65:48

  62 }
  63 
  64 // Check if invoice already exists
→ 65 const existing = await prisma.invoices.findFirst(
Timed out fetching a new connection from the connection pool. More info: http://pris.ly/d/connection-pool (Current connection pool timeout: 10, connection limit: 17)
   ❌ FWRD SS25 Drop 2  .pdf: 
Invalid `prisma.invoices.findFirst()` invocation in
/Users/ibbs/Development/reminder-mvp/scripts/import-real-invoices.ts:65:48

  62 }
  63 
  64 // Check if invoice already exists
→ 65 const existing = await prisma.invoices.findFirst(
Timed out fetching a new connection from the connection pool. More info: http://pris.ly/d/connection-pool (Current connection pool timeout: 10, connection limit: 17)
   Processing: Foot District SS25 Drop 1 NOS.pdf
Uploading PDF to S3: {
  bucket: 'reminder-mvp-textract-pdfs',
  key: 'invoices/1759771890325-Foot District SS25 Drop 1 NOS.pdf',
  size: 77951
}
S3 upload successful
Starting Textract async job: {
  bucket: 'reminder-mvp-textract-pdfs',
  key: 'invoices/1759771890325-Foot District SS25 Drop 1 NOS.pdf'
}
Textract job started: d76188e17a79f0195abee9e846812960a42185e15a881bb4eefb330684922977
Polling Textract job (attempt 1/60): d76188e17a79f0195abee9e846812960a42185e15a881bb4eefb330684922977
Job status: IN_PROGRESS
Polling Textract job (attempt 2/60): d76188e17a79f0195abee9e846812960a42185e15a881bb4eefb330684922977
Job status: IN_PROGRESS
Polling Textract job (attempt 3/60): d76188e17a79f0195abee9e846812960a42185e15a881bb4eefb330684922977
Job status: SUCCEEDED
Textract job completed, blocks: 1195
Extracted text length: 5853
First 200 chars: INVOICE P P Invoice number V01250068 Invoice date 01-29-2025 Debtor number 10413 Your VAT ESB24638546 P P Foot District S.L. Pop Trading Company 1 Marqués de Comillas Sint Annendwarsstraat 3 a ALMERIA
Textract async extraction complete: {
  invoiceNumber: 'V01250068',
  customerName: 'Foot District S.L.',
  totalAmount: 5323,
  confidence: 100
}
S3 cleanup successful: invoices/1759771890325-Foot District SS25 Drop 1 NOS.pdf
   ✅ Foot District SS25 Drop 1 NOS.pdf: V01250068 - €5323
   Processing: Foot District SS25 Drop 2  .pdf
Uploading PDF to S3: {
  bucket: 'reminder-mvp-textract-pdfs',
  key: 'invoices/1759771916519-Foot District SS25 Drop 2  .pdf',
  size: 74582
}
S3 upload successful
Starting Textract async job: {
  bucket: 'reminder-mvp-textract-pdfs',
  key: 'invoices/1759771916519-Foot District SS25 Drop 2  .pdf'
}
Textract job started: e0438bf45be1180b88a8d006954d855a7e06352a5758f7710495d2333c7ce8d2
Polling Textract job (attempt 1/60): e0438bf45be1180b88a8d006954d855a7e06352a5758f7710495d2333c7ce8d2
Job status: IN_PROGRESS
prisma:error Error in PostgreSQL connection: Error { kind: Closed, cause: None }
Polling Textract job (attempt 2/60): e0438bf45be1180b88a8d006954d855a7e06352a5758f7710495d2333c7ce8d2
Job status: IN_PROGRESS
Polling Textract job (attempt 3/60): e0438bf45be1180b88a8d006954d855a7e06352a5758f7710495d2333c7ce8d2
Job status: SUCCEEDED
Textract job completed, blocks: 820
Extracted text length: 4076
First 200 chars: INVOICE P P Invoice number V01250247 Invoice date 02-19-2025 Debtor number 10413 Your VAT ESB24638546 P P Foot District S.L. Pop Trading Company 1 Marqués de Comillas Sint Annendwarsstraat 3 a ALMERIA
Textract async extraction complete: {
  invoiceNumber: 'V01250247',
  customerName: 'Foot District S.L.',
  totalAmount: 3564,
  confidence: 100
}
S3 cleanup successful: invoices/1759771916519-Foot District SS25 Drop 2  .pdf
   ✅ Foot District SS25 Drop 2  .pdf: V01250247 - €3564
   Processing: Good Life SS25 Drop 1 NOS.pdf
Uploading PDF to S3: {
  bucket: 'reminder-mvp-textract-pdfs',
  key: 'invoices/1759771938903-Good Life SS25 Drop 1 NOS.pdf',
  size: 74893
}
S3 upload successful
Starting Textract async job: {
  bucket: 'reminder-mvp-textract-pdfs',
  key: 'invoices/1759771938903-Good Life SS25 Drop 1 NOS.pdf'
}
Textract job started: fd1ec851de3381790eb3b669dc6fce0d668535964b489630a5a775df5e78aa5d
Polling Textract job (attempt 1/60): fd1ec851de3381790eb3b669dc6fce0d668535964b489630a5a775df5e78aa5d
Job status: IN_PROGRESS
Polling Textract job (attempt 2/60): fd1ec851de3381790eb3b669dc6fce0d668535964b489630a5a775df5e78aa5d
Job status: IN_PROGRESS
Polling Textract job (attempt 3/60): fd1ec851de3381790eb3b669dc6fce0d668535964b489630a5a775df5e78aa5d
Job status: SUCCEEDED
Textract job completed, blocks: 855
Extracted text length: 4233
First 200 chars: INVOICE P P Invoice number V01250074 Invoice date 01-29-2025 Debtor number 10320 P P Good Life Pop Trading Company Al Serkal Avenue, Warehouse 64 Al Quoz Sint Annendwarsstraat 3 a Area 1012 HC AMSTERD
Textract async extraction complete: {
  invoiceNumber: 'V01250074',
  customerName: 'Good Life',
  totalAmount: 5021,
  confidence: 100
}
S3 cleanup successful: invoices/1759771938903-Good Life SS25 Drop 1 NOS.pdf
   ✅ Good Life SS25 Drop 1 NOS.pdf: V01250074 - €5021
   ⏸️  Pausing 5s...

📋 Processing batch 4/14
   Processing: Good Life SS25 Drop 2  .pdf
Uploading PDF to S3: {
  bucket: 'reminder-mvp-textract-pdfs',
  key: 'invoices/1759771965950-Good Life SS25 Drop 2  .pdf',
  size: 73434
}
S3 upload successful
Starting Textract async job: {
  bucket: 'reminder-mvp-textract-pdfs',
  key: 'invoices/1759771965950-Good Life SS25 Drop 2  .pdf'
}
Textract job started: 7b17c22364d89d265901f11a079e30536a31b0aed0fc201829ad3e88adde5c64
Polling Textract job (attempt 1/60): 7b17c22364d89d265901f11a079e30536a31b0aed0fc201829ad3e88adde5c64
Job status: IN_PROGRESS
Polling Textract job (attempt 2/60): 7b17c22364d89d265901f11a079e30536a31b0aed0fc201829ad3e88adde5c64
Job status: IN_PROGRESS
Polling Textract job (attempt 3/60): 7b17c22364d89d265901f11a079e30536a31b0aed0fc201829ad3e88adde5c64
Job status: SUCCEEDED
Textract job completed, blocks: 636
Extracted text length: 3164
First 200 chars: INVOICE P P Invoice number V01250250 Invoice date 02-19-2025 Debtor number 10320 P P Good Life Pop Trading Company Al Serkal Avenue, Warehouse 64 Al Quoz Sint Annendwarsstraat 3 a Area 1012 HC AMSTERD
Textract async extraction complete: {
  invoiceNumber: 'V01250250',
  customerName: 'Good Life',
  totalAmount: 2772,
  confidence: 100
}
S3 cleanup successful: invoices/1759771965950-Good Life SS25 Drop 2  .pdf
   ✅ Good Life SS25 Drop 2  .pdf: V01250250 - €2772
   Processing: Graduate SS25 Drop 1.pdf
Uploading PDF to S3: {
  bucket: 'reminder-mvp-textract-pdfs',
  key: 'invoices/1759771990463-Graduate SS25 Drop 1.pdf',
  size: 74094
}
S3 upload successful
Starting Textract async job: {
  bucket: 'reminder-mvp-textract-pdfs',
  key: 'invoices/1759771990463-Graduate SS25 Drop 1.pdf'
}
Textract job started: 93e387e0c704a73dce32923d58a374edfbe2cd8c6428ec1a52857ab48cdaf3fe
Polling Textract job (attempt 1/60): 93e387e0c704a73dce32923d58a374edfbe2cd8c6428ec1a52857ab48cdaf3fe
Job status: IN_PROGRESS
Polling Textract job (attempt 2/60): 93e387e0c704a73dce32923d58a374edfbe2cd8c6428ec1a52857ab48cdaf3fe
Job status: IN_PROGRESS
Polling Textract job (attempt 3/60): 93e387e0c704a73dce32923d58a374edfbe2cd8c6428ec1a52857ab48cdaf3fe
Job status: IN_PROGRESS
Polling Textract job (attempt 4/60): 93e387e0c704a73dce32923d58a374edfbe2cd8c6428ec1a52857ab48cdaf3fe
Job status: SUCCEEDED
Textract job completed, blocks: 567
Extracted text length: 2814
First 200 chars: INVOICE P P Invoice number V01250099 Invoice date 01-29-2025 Debtor number 10203 Your VAT FR39519567705 P P Graduate Pop Trading Company 63 Rue Du Pas Sain Georges Sint Annendwarsstraat 3 a BORDEAUX 3
Textract async extraction complete: {
  invoiceNumber: 'V01250099',
  customerName: 'Graduate',
  totalAmount: 1425,
  confidence: 100
}
S3 cleanup successful: invoices/1759771990463-Graduate SS25 Drop 1.pdf
   ✅ Graduate SS25 Drop 1.pdf: V01250099 - €1425
   Processing: Graduate SS25 Drop 2  .pdf
Uploading PDF to S3: {
  bucket: 'reminder-mvp-textract-pdfs',
  key: 'invoices/1759772018120-Graduate SS25 Drop 2  .pdf',
  size: 73605
}
S3 upload successful
Starting Textract async job: {
  bucket: 'reminder-mvp-textract-pdfs',
  key: 'invoices/1759772018120-Graduate SS25 Drop 2  .pdf'
}
Textract job started: 8d620522f0245c1071259edf6e3d6019a43377612eda337c79a97748692e3fe7
Polling Textract job (attempt 1/60): 8d620522f0245c1071259edf6e3d6019a43377612eda337c79a97748692e3fe7
Job status: IN_PROGRESS
Polling Textract job (attempt 2/60): 8d620522f0245c1071259edf6e3d6019a43377612eda337c79a97748692e3fe7
Job status: IN_PROGRESS
Polling Textract job (attempt 3/60): 8d620522f0245c1071259edf6e3d6019a43377612eda337c79a97748692e3fe7
Job status: IN_PROGRESS
Polling Textract job (attempt 4/60): 8d620522f0245c1071259edf6e3d6019a43377612eda337c79a97748692e3fe7
Job status: SUCCEEDED
Textract job completed, blocks: 650
Extracted text length: 3248
First 200 chars: INVOICE P P Invoice number V01250278 Invoice date 02-19-2025 Debtor number 10203 Your VAT FR39519567705 P P Graduate Pop Trading Company 63 Rue Du Pas Sain Georges Sint Annendwarsstraat 3 a BORDEAUX 3
Textract async extraction complete: {
  invoiceNumber: 'V01250278',
  customerName: 'Graduate',
  totalAmount: 2026,
  confidence: 100
}
S3 cleanup successful: invoices/1759772018120-Graduate SS25 Drop 2  .pdf
   ✅ Graduate SS25 Drop 2  .pdf: V01250278 - €2026
   Processing: HHV SS25 Drop 1 NOS.pdf
Uploading PDF to S3: {
  bucket: 'reminder-mvp-textract-pdfs',
  key: 'invoices/1759772046748-HHV SS25 Drop 1 NOS.pdf',
  size: 75947
}
S3 upload successful
Starting Textract async job: {
  bucket: 'reminder-mvp-textract-pdfs',
  key: 'invoices/1759772046748-HHV SS25 Drop 1 NOS.pdf'
}
Textract job started: b22b7b0bc39623fd77f1fad9eb6238b094450852f95c5f601f428f256cbbb7aa
Polling Textract job (attempt 1/60): b22b7b0bc39623fd77f1fad9eb6238b094450852f95c5f601f428f256cbbb7aa
Job status: IN_PROGRESS
Polling Textract job (attempt 2/60): b22b7b0bc39623fd77f1fad9eb6238b094450852f95c5f601f428f256cbbb7aa
Job status: IN_PROGRESS
Polling Textract job (attempt 3/60): b22b7b0bc39623fd77f1fad9eb6238b094450852f95c5f601f428f256cbbb7aa
Job status: IN_PROGRESS
Polling Textract job (attempt 4/60): b22b7b0bc39623fd77f1fad9eb6238b094450852f95c5f601f428f256cbbb7aa
Job status: IN_PROGRESS
Polling Textract job (attempt 5/60): b22b7b0bc39623fd77f1fad9eb6238b094450852f95c5f601f428f256cbbb7aa
Job status: SUCCEEDED
Textract job completed, blocks: 730
Extracted text length: 3600
First 200 chars: INVOICE P P Invoice number V01250082 Invoice date 01-29-2025 Debtor number 10272 Your VAT DE263440712 P P HHV Handels GmbH Pop Trading Company Zur Alten Börse 55 Sint Annendwarsstraat 3 a 12681 BERLIN
Textract async extraction complete: {
  invoiceNumber: 'V01250082',
  customerName: 'HHV Handels GmbH',
  totalAmount: 3070,
  confidence: 100
}
S3 cleanup successful: invoices/1759772046748-HHV SS25 Drop 1 NOS.pdf
   ✅ HHV SS25 Drop 1 NOS.pdf: V01250082 - €3070
   Processing: HHV SS25 Drop 2  .pdf
Uploading PDF to S3: {
  bucket: 'reminder-mvp-textract-pdfs',
  key: 'invoices/1759772080671-HHV SS25 Drop 2  .pdf',
  size: 74652
}
S3 upload successful
Starting Textract async job: {
  bucket: 'reminder-mvp-textract-pdfs',
  key: 'invoices/1759772080671-HHV SS25 Drop 2  .pdf'
}
Textract job started: 568e74a604ec43c47e91ab0bdff4820d407f2272944d038fe95474f28e76008b
Polling Textract job (attempt 1/60): 568e74a604ec43c47e91ab0bdff4820d407f2272944d038fe95474f28e76008b
Job status: IN_PROGRESS
Polling Textract job (attempt 2/60): 568e74a604ec43c47e91ab0bdff4820d407f2272944d038fe95474f28e76008b
Job status: IN_PROGRESS
Polling Textract job (attempt 3/60): 568e74a604ec43c47e91ab0bdff4820d407f2272944d038fe95474f28e76008b
Job status: IN_PROGRESS
Polling Textract job (attempt 4/60): 568e74a604ec43c47e91ab0bdff4820d407f2272944d038fe95474f28e76008b
Job status: IN_PROGRESS
Polling Textract job (attempt 5/60): 568e74a604ec43c47e91ab0bdff4820d407f2272944d038fe95474f28e76008b
Job status: IN_PROGRESS
Polling Textract job (attempt 6/60): 568e74a604ec43c47e91ab0bdff4820d407f2272944d038fe95474f28e76008b
Job status: IN_PROGRESS
Polling Textract job (attempt 7/60): 568e74a604ec43c47e91ab0bdff4820d407f2272944d038fe95474f28e76008b
Job status: IN_PROGRESS
Polling Textract job (attempt 8/60): 568e74a604ec43c47e91ab0bdff4820d407f2272944d038fe95474f28e76008b
Job status: IN_PROGRESS
Polling Textract job (attempt 9/60): 568e74a604ec43c47e91ab0bdff4820d407f2272944d038fe95474f28e76008b
Job status: SUCCEEDED
Textract job completed, blocks: 635
Extracted text length: 3195
First 200 chars: INVOICE P P Invoice number V01250260 Invoice date 02-19-2025 Debtor number 10272 Your VAT DE263440712 P P HHV Handels GmbH Pop Trading Company Zur Alten Börse 55 Sint Annendwarsstraat 3 a 12681 BERLIN
Textract async extraction complete: {
  invoiceNumber: 'V01250260',
  customerName: 'HHV Handels GmbH',
  totalAmount: 2496,
  confidence: 100
}
S3 cleanup successful: invoices/1759772080671-HHV SS25 Drop 2  .pdf
   ✅ HHV SS25 Drop 2  .pdf: V01250260 - €2496
   Processing: Homebody SS25 Drop 1 NOS.pdf
Uploading PDF to S3: {
  bucket: 'reminder-mvp-textract-pdfs',
  key: 'invoices/1759772134647-Homebody SS25 Drop 1 NOS.pdf',
  size: 71628
}
S3 upload successful
Starting Textract async job: {
  bucket: 'reminder-mvp-textract-pdfs',
  key: 'invoices/1759772134647-Homebody SS25 Drop 1 NOS.pdf'
}
Textract job started: 5672bddb75bdef1656bbd382b317b22af57fa24a76a5a1e3fb39c9f5e43e94f0
Polling Textract job (attempt 1/60): 5672bddb75bdef1656bbd382b317b22af57fa24a76a5a1e3fb39c9f5e43e94f0
Job status: IN_PROGRESS
Polling Textract job (attempt 2/60): 5672bddb75bdef1656bbd382b317b22af57fa24a76a5a1e3fb39c9f5e43e94f0
Job status: IN_PROGRESS
Polling Textract job (attempt 3/60): 5672bddb75bdef1656bbd382b317b22af57fa24a76a5a1e3fb39c9f5e43e94f0
Job status: IN_PROGRESS
Polling Textract job (attempt 4/60): 5672bddb75bdef1656bbd382b317b22af57fa24a76a5a1e3fb39c9f5e43e94f0
Job status: IN_PROGRESS
Polling Textract job (attempt 5/60): 5672bddb75bdef1656bbd382b317b22af57fa24a76a5a1e3fb39c9f5e43e94f0
Job status: IN_PROGRESS
Polling Textract job (attempt 6/60): 5672bddb75bdef1656bbd382b317b22af57fa24a76a5a1e3fb39c9f5e43e94f0
Job status: IN_PROGRESS
Polling Textract job (attempt 7/60): 5672bddb75bdef1656bbd382b317b22af57fa24a76a5a1e3fb39c9f5e43e94f0
Job status: IN_PROGRESS
Polling Textract job (attempt 8/60): 5672bddb75bdef1656bbd382b317b22af57fa24a76a5a1e3fb39c9f5e43e94f0
Job status: SUCCEEDED
Textract job completed, blocks: 454
Extracted text length: 2287
First 200 chars: INVOICE P P Invoice number V01250109 Invoice date 01-29-2025 Debtor number 10389 P P Homebody Pop Trading Company 801 Winthrop Dr. Sint Annendwarsstraat 3 a ALHAMBRA 91803 1012 HC AMSTERDAM United Sta
Textract async extraction complete: {
  invoiceNumber: 'V01250109',
  customerName: 'Homebody',
  totalAmount: 852,
  confidence: 95
}
S3 cleanup successful: invoices/1759772134647-Homebody SS25 Drop 1 NOS.pdf
   ✅ Homebody SS25 Drop 1 NOS.pdf: V01250109 - €852
   Processing: Homebody SS25 Drop 2  .pdf
Uploading PDF to S3: {
  bucket: 'reminder-mvp-textract-pdfs',
  key: 'invoices/1759772183560-Homebody SS25 Drop 2  .pdf',
  size: 69689
}
S3 upload successful
Starting Textract async job: {
  bucket: 'reminder-mvp-textract-pdfs',
  key: 'invoices/1759772183560-Homebody SS25 Drop 2  .pdf'
}
Textract job started: 96d499f736e96fcd17955fd388d54c33c7460edaef601b7fd5b64fe1e746bae3
Polling Textract job (attempt 1/60): 96d499f736e96fcd17955fd388d54c33c7460edaef601b7fd5b64fe1e746bae3
Job status: IN_PROGRESS
Polling Textract job (attempt 2/60): 96d499f736e96fcd17955fd388d54c33c7460edaef601b7fd5b64fe1e746bae3
Job status: IN_PROGRESS
Polling Textract job (attempt 3/60): 96d499f736e96fcd17955fd388d54c33c7460edaef601b7fd5b64fe1e746bae3
Job status: IN_PROGRESS
Polling Textract job (attempt 4/60): 96d499f736e96fcd17955fd388d54c33c7460edaef601b7fd5b64fe1e746bae3
Job status: IN_PROGRESS
Polling Textract job (attempt 5/60): 96d499f736e96fcd17955fd388d54c33c7460edaef601b7fd5b64fe1e746bae3
Job status: IN_PROGRESS
Polling Textract job (attempt 6/60): 96d499f736e96fcd17955fd388d54c33c7460edaef601b7fd5b64fe1e746bae3
Job status: SUCCEEDED
Textract job completed, blocks: 284
Extracted text length: 1466
First 200 chars: INVOICE P P Invoice number V01250287 Invoice date 02-19-2025 Debtor number 10389 P P Homebody Pop Trading Company 801 Winthrop Dr. Sint Annendwarsstraat 3 a ALHAMBRA 91803 1012 HC AMSTERDAM United Sta
Textract async extraction complete: {
  invoiceNumber: 'V01250287',
  customerName: 'Homebody',
  totalAmount: 414,
  confidence: 95
}
S3 cleanup successful: invoices/1759772183560-Homebody SS25 Drop 2  .pdf
   ✅ Homebody SS25 Drop 2  .pdf: V01250287 - €414
   Processing: ITK AW25 Drop-2.pdf
Uploading PDF to S3: {
  bucket: 'reminder-mvp-textract-pdfs',
  key: 'invoices/1759772222677-ITK AW25 Drop-2.pdf',
  size: 166110
}
S3 upload successful
Starting Textract async job: {
  bucket: 'reminder-mvp-textract-pdfs',
  key: 'invoices/1759772222677-ITK AW25 Drop-2.pdf'
}
Textract job started: 5ac28356ec4fc97521de9b4e2489e881b71c3f2d464721bb5b0b6d1fc993998f
Polling Textract job (attempt 1/60): 5ac28356ec4fc97521de9b4e2489e881b71c3f2d464721bb5b0b6d1fc993998f
Job status: IN_PROGRESS
Polling Textract job (attempt 2/60): 5ac28356ec4fc97521de9b4e2489e881b71c3f2d464721bb5b0b6d1fc993998f
Job status: IN_PROGRESS
Polling Textract job (attempt 3/60): 5ac28356ec4fc97521de9b4e2489e881b71c3f2d464721bb5b0b6d1fc993998f
Job status: IN_PROGRESS
Polling Textract job (attempt 4/60): 5ac28356ec4fc97521de9b4e2489e881b71c3f2d464721bb5b0b6d1fc993998f
Job status: SUCCEEDED
Textract job completed, blocks: 659
Extracted text length: 3319
First 200 chars: INVOICE P P Invoice number V01250845 Invoice date 08-25-2025 Debtor number 10068 Your VAT LV40103829035 P P Sia Rocket Sience - ITK Pop Trading Company Z.A. Melerovica Blvd. 18 Sint Annendwarsstraat 3
Textract async extraction complete: {
  invoiceNumber: 'V01250845',
  customerName: 'Sia Rocket Sience - ITK',
  totalAmount: 3756,
  confidence: 100
}
S3 cleanup successful: invoices/1759772222677-ITK AW25 Drop-2.pdf
   ✅ ITK AW25 Drop-2.pdf: V01250845 - €3756
   Processing: ITK SS25 Drop 1.pdf
Uploading PDF to S3: {
  bucket: 'reminder-mvp-textract-pdfs',
  key: 'invoices/1759772251459-ITK SS25 Drop 1.pdf',
  size: 71520
}
S3 upload successful
Starting Textract async job: {
  bucket: 'reminder-mvp-textract-pdfs',
  key: 'invoices/1759772251459-ITK SS25 Drop 1.pdf'
}
Textract job started: bb886908a994baf9baea2ba36df36a7ef3c3e997edf1a40209c9578ab8b54163
Polling Textract job (attempt 1/60): bb886908a994baf9baea2ba36df36a7ef3c3e997edf1a40209c9578ab8b54163
Job status: IN_PROGRESS
Polling Textract job (attempt 2/60): bb886908a994baf9baea2ba36df36a7ef3c3e997edf1a40209c9578ab8b54163
Job status: IN_PROGRESS
Polling Textract job (attempt 3/60): bb886908a994baf9baea2ba36df36a7ef3c3e997edf1a40209c9578ab8b54163
Job status: SUCCEEDED
Textract job completed, blocks: 344
Extracted text length: 1749
First 200 chars: INVOICE P P Invoice number V01250092 Invoice date 01-29-2025 Debtor number 10068 Your VAT LV40103829035 P P Sia Rocket Sience ITK Pop Trading Company Z.A. Melerovica Blvd. 18 Sint Annendwarsstraat 3 a
Textract async extraction complete: {
  invoiceNumber: 'V01250092',
  customerName: 'Sia Rocket Sience ITK',
  totalAmount: 874,
  confidence: 100
}
S3 cleanup successful: invoices/1759772251459-ITK SS25 Drop 1.pdf
   ✅ ITK SS25 Drop 1.pdf: V01250092 - €874
   Processing: ITK SS25 Drop 2  .pdf
Uploading PDF to S3: {
  bucket: 'reminder-mvp-textract-pdfs',
  key: 'invoices/1759772273497-ITK SS25 Drop 2  .pdf',
  size: 72551
}
S3 upload successful
Starting Textract async job: {
  bucket: 'reminder-mvp-textract-pdfs',
  key: 'invoices/1759772273497-ITK SS25 Drop 2  .pdf'
}
Textract job started: bb597a7fcbc89db43dd78b17925a29a16fd09b43dc7fa9a8b7a7be4b46c13d32
Polling Textract job (attempt 1/60): bb597a7fcbc89db43dd78b17925a29a16fd09b43dc7fa9a8b7a7be4b46c13d32
Job status: IN_PROGRESS
Polling Textract job (attempt 2/60): bb597a7fcbc89db43dd78b17925a29a16fd09b43dc7fa9a8b7a7be4b46c13d32
Job status: IN_PROGRESS
Polling Textract job (attempt 3/60): bb597a7fcbc89db43dd78b17925a29a16fd09b43dc7fa9a8b7a7be4b46c13d32
Job status: IN_PROGRESS
Polling Textract job (attempt 4/60): bb597a7fcbc89db43dd78b17925a29a16fd09b43dc7fa9a8b7a7be4b46c13d32
Job status: SUCCEEDED
Textract job completed, blocks: 478
Extracted text length: 2431
First 200 chars: INVOICE P P Invoice number V01250271 Invoice date 02-19-2025 Debtor number 10068 Your VAT LV40103829035 P P Sia Rocket Sience ITK Pop Trading Company Z.A. Melerovica Blvd. 18 Sint Annendwarsstraat 3 a
Textract async extraction complete: {
  invoiceNumber: 'V01250271',
  customerName: 'Sia Rocket Sience ITK',
  totalAmount: 2326,
  confidence: 100
}
S3 cleanup successful: invoices/1759772273497-ITK SS25 Drop 2  .pdf
   ✅ ITK SS25 Drop 2  .pdf: V01250271 - €2326
   ⏸️  Pausing 5s...

📋 Processing batch 5/14
   Processing: ITK SS25 NOS.pdf
Uploading PDF to S3: {
  bucket: 'reminder-mvp-textract-pdfs',
  key: 'invoices/1759772306088-ITK SS25 NOS.pdf',
  size: 72110
}
S3 upload successful
Starting Textract async job: {
  bucket: 'reminder-mvp-textract-pdfs',
  key: 'invoices/1759772306088-ITK SS25 NOS.pdf'
}
Textract job started: 1fd4f78a663968a99264c5929207d2c9b10e58d61ef406c8c8b77eedca15a080
Polling Textract job (attempt 1/60): 1fd4f78a663968a99264c5929207d2c9b10e58d61ef406c8c8b77eedca15a080
Job status: IN_PROGRESS
Polling Textract job (attempt 2/60): 1fd4f78a663968a99264c5929207d2c9b10e58d61ef406c8c8b77eedca15a080
Job status: SUCCEEDED
Textract job completed, blocks: 445
Extracted text length: 2219
First 200 chars: INVOICE P P Invoice number V01241302 Invoice date 12-23-2024 Debtor number 10068 Your VAT LV40103829035 P P Sia Rocket Sience - ITK Pop Trading Company Z.A. Melerovica Blvd. 18 Sint Annendwarsstraat 3
Textract async extraction complete: {
  invoiceNumber: 'V01241302',
  customerName: 'Sia Rocket Sience - ITK',
  totalAmount: 745,
  confidence: 100
}
S3 cleanup successful: invoices/1759772306088-ITK SS25 NOS.pdf
   ✅ ITK SS25 NOS.pdf: V01241302 - €745
   Processing: Illum SS25 Drop 1 NOS.pdf
Uploading PDF to S3: {
  bucket: 'reminder-mvp-textract-pdfs',
  key: 'invoices/1759772325196-Illum SS25 Drop 1 NOS.pdf',
  size: 74959
}
S3 upload successful
Starting Textract async job: {
  bucket: 'reminder-mvp-textract-pdfs',
  key: 'invoices/1759772325196-Illum SS25 Drop 1 NOS.pdf'
}
Textract job started: 862c413e3b4a907ec2eb090fee6617eb699840e4d2c49ce1e9fdcaa6fbb18784
Polling Textract job (attempt 1/60): 862c413e3b4a907ec2eb090fee6617eb699840e4d2c49ce1e9fdcaa6fbb18784
Job status: IN_PROGRESS
Polling Textract job (attempt 2/60): 862c413e3b4a907ec2eb090fee6617eb699840e4d2c49ce1e9fdcaa6fbb18784
Job status: SUCCEEDED
Textract job completed, blocks: 987
Extracted text length: 4863
First 200 chars: INVOICE P P Invoice number V01250071 Invoice date 01-29-2025 Debtor number 10344 Your VAT DK27355943 P P Illum A/S Pop Trading Company 52 Østergade Sint Annendwarsstraat 3 a 1001 København K 1012 HC A
Textract async extraction complete: {
  invoiceNumber: 'V01250071',
  customerName: 'Illum A/S',
  totalAmount: 4577,
  confidence: 100
}
S3 cleanup successful: invoices/1759772325196-Illum SS25 Drop 1 NOS.pdf
   ✅ Illum SS25 Drop 1 NOS.pdf: V01250071 - €4577
   Processing: Illum SS25 Drop 2  .pdf
Uploading PDF to S3: {
  bucket: 'reminder-mvp-textract-pdfs',
  key: 'invoices/1759772343090-Illum SS25 Drop 2  .pdf',
  size: 73942
}
S3 upload successful
Starting Textract async job: {
  bucket: 'reminder-mvp-textract-pdfs',
  key: 'invoices/1759772343090-Illum SS25 Drop 2  .pdf'
}
Textract job started: 843fc659fda79ac03570bcf1812b64377dfe81da4d570a1141b9c026a045e33a
Polling Textract job (attempt 1/60): 843fc659fda79ac03570bcf1812b64377dfe81da4d570a1141b9c026a045e33a
Job status: IN_PROGRESS
Polling Textract job (attempt 2/60): 843fc659fda79ac03570bcf1812b64377dfe81da4d570a1141b9c026a045e33a
Job status: SUCCEEDED
Textract job completed, blocks: 659
Extracted text length: 3298
First 200 chars: INVOICE P P Invoice number V01250251 Invoice date 02-19-2025 Debtor number 10344 Your VAT DK27355943 P P Illum A/S Pop Trading Company 52 Østergade Sint Annendwarsstraat 3 a C COPENHAGEN 1012 HC AMSTE
Textract async extraction complete: {
  invoiceNumber: 'V01250251',
  customerName: 'Illum A/S',
  totalAmount: 2790,
  confidence: 100
}
S3 cleanup successful: invoices/1759772343090-Illum SS25 Drop 2  .pdf
   ✅ Illum SS25 Drop 2  .pdf: V01250251 - €2790
   Processing: Incu SS25 Drop 1 NOS.pdf
Uploading PDF to S3: {
  bucket: 'reminder-mvp-textract-pdfs',
  key: 'invoices/1759772360208-Incu SS25 Drop 1 NOS.pdf',
  size: 75687
}
S3 upload successful
Starting Textract async job: {
  bucket: 'reminder-mvp-textract-pdfs',
  key: 'invoices/1759772360208-Incu SS25 Drop 1 NOS.pdf'
}
Textract job started: 962ad056f96c985a096320a472c5e8fedd5a307cfa7079bfe08c6da907cd5bcc
Polling Textract job (attempt 1/60): 962ad056f96c985a096320a472c5e8fedd5a307cfa7079bfe08c6da907cd5bcc
Job status: IN_PROGRESS
Polling Textract job (attempt 2/60): 962ad056f96c985a096320a472c5e8fedd5a307cfa7079bfe08c6da907cd5bcc
Job status: SUCCEEDED
Textract job completed, blocks: 900
Extracted text length: 4432
First 200 chars: INVOICE P P Invoice number V01250062 Invoice date 01-29-2025 Debtor number 10305 P P Incu PTY LTD Pop Trading Company 110 Dunning Avenue Sint Annendwarsstraat 3 a ROSEBERRY, NSW 1012 HC AMSTERDAM Aust
Textract async extraction complete: {
  invoiceNumber: 'V01250062',
  customerName: 'Incu PTY LTD',
  totalAmount: 10924,
  confidence: 100
}
S3 cleanup successful: invoices/1759772360208-Incu SS25 Drop 1 NOS.pdf
prisma:error 
Invalid `prisma.invoices.findFirst()` invocation in
/Users/ibbs/Development/reminder-mvp/scripts/import-real-invoices.ts:65:48

  62 }
  63 
  64 // Check if invoice already exists
→ 65 const existing = await prisma.invoices.findFirst(
Timed out fetching a new connection from the connection pool. More info: http://pris.ly/d/connection-pool (Current connection pool timeout: 10, connection limit: 17)
   ❌ Incu SS25 Drop 1 NOS.pdf: 
Invalid `prisma.invoices.findFirst()` invocation in
/Users/ibbs/Development/reminder-mvp/scripts/import-real-invoices.ts:65:48

  62 }
  63 
  64 // Check if invoice already exists
→ 65 const existing = await prisma.invoices.findFirst(
Timed out fetching a new connection from the connection pool. More info: http://pris.ly/d/connection-pool (Current connection pool timeout: 10, connection limit: 17)
   Processing: Incu SS25 Drop 2  .pdf
Uploading PDF to S3: {
  bucket: 'reminder-mvp-textract-pdfs',
  key: 'invoices/1759772469908-Incu SS25 Drop 2  .pdf',
  size: 70849
}
S3 upload successful
Starting Textract async job: {
  bucket: 'reminder-mvp-textract-pdfs',
  key: 'invoices/1759772469908-Incu SS25 Drop 2  .pdf'
}
Textract job started: 7ffa954301bff06df0ed99dd8ea6114e02b94ecd07c71a2a92de2192ca20c0eb
Polling Textract job (attempt 1/60): 7ffa954301bff06df0ed99dd8ea6114e02b94ecd07c71a2a92de2192ca20c0eb
Job status: IN_PROGRESS
Polling Textract job (attempt 2/60): 7ffa954301bff06df0ed99dd8ea6114e02b94ecd07c71a2a92de2192ca20c0eb
Job status: SUCCEEDED
Textract job completed, blocks: 324
Extracted text length: 1672
First 200 chars: INVOICE P P Invoice number V01250240 Invoice date 02-19-2025 Debtor number 10305 P P Incu PTY LTD Pop Trading Company 110 Dunning Avenue Sint Annendwarsstraat 3 a ROSEBERRY, NSW 1012 HC AMSTERDAM Aust
Textract async extraction complete: {
  invoiceNumber: 'V01250240',
  customerName: 'Incu PTY LTD',
  totalAmount: 2652,
  confidence: 100
}
S3 cleanup successful: invoices/1759772469908-Incu SS25 Drop 2  .pdf
   ✅ Incu SS25 Drop 2  .pdf: V01250240 - €2652
   Processing: Kapok SS25 Drop 1.pdf
Uploading PDF to S3: {
  bucket: 'reminder-mvp-textract-pdfs',
  key: 'invoices/1759772481827-Kapok SS25 Drop 1.pdf',
  size: 73526
}
S3 upload successful
Starting Textract async job: {
  bucket: 'reminder-mvp-textract-pdfs',
  key: 'invoices/1759772481827-Kapok SS25 Drop 1.pdf'
}
Textract job started: 7fa78c4d9520595d72be657603cf90464f7a80e77f21efef13b8ef479102e001
Polling Textract job (attempt 1/60): 7fa78c4d9520595d72be657603cf90464f7a80e77f21efef13b8ef479102e001
Job status: IN_PROGRESS
Polling Textract job (attempt 2/60): 7fa78c4d9520595d72be657603cf90464f7a80e77f21efef13b8ef479102e001
Job status: SUCCEEDED
Textract job completed, blocks: 510
Extracted text length: 2553
First 200 chars: INVOICE P P Invoice number V01250078 Invoice date 01-29-2025 Debtor number 10412 P P Kapok Hong Kong Pop Trading Company 8 sun street Sint Annendwarsstraat 3 a WAN CHAI 1012 HC AMSTERDAM Hongkong info
Textract async extraction complete: {
  invoiceNumber: 'V01250078',
  customerName: 'Kapok Hong Kong',
  totalAmount: 3884,
  confidence: 100
}
S3 cleanup successful: invoices/1759772481827-Kapok SS25 Drop 1.pdf
   ✅ Kapok SS25 Drop 1.pdf: V01250078 - €3884
   Processing: Kapok SS25 Drop 2  .pdf
Uploading PDF to S3: {
  bucket: 'reminder-mvp-textract-pdfs',
  key: 'invoices/1759772491904-Kapok SS25 Drop 2  .pdf',
  size: 71458
}
S3 upload successful
Starting Textract async job: {
  bucket: 'reminder-mvp-textract-pdfs',
  key: 'invoices/1759772491904-Kapok SS25 Drop 2  .pdf'
}
Textract job started: 4f8376ddeb8cf0cf7c986640c17f301119fd69be62a3f31bff5f64dc91831a81
Polling Textract job (attempt 1/60): 4f8376ddeb8cf0cf7c986640c17f301119fd69be62a3f31bff5f64dc91831a81
Job status: IN_PROGRESS
Polling Textract job (attempt 2/60): 4f8376ddeb8cf0cf7c986640c17f301119fd69be62a3f31bff5f64dc91831a81
Job status: SUCCEEDED
Textract job completed, blocks: 371
Extracted text length: 1877
First 200 chars: INVOICE P P Invoice number V01250257 Invoice date 02-19-2025 Debtor number 10412 P P Kapok Limited Pop Trading Company 8 sun street Sint Annendwarsstraat 3 a WAN CHAI 1012 HC AMSTERDAM Hongkong info@p
Textract async extraction complete: {
  invoiceNumber: 'V01250257',
  customerName: 'Kapok Limited',
  totalAmount: 2572,
  confidence: 100
}
S3 cleanup successful: invoices/1759772491904-Kapok SS25 Drop 2  .pdf
   ✅ Kapok SS25 Drop 2  .pdf: V01250257 - €2572
   Processing: Kixbox SS25 Drop 1 NOS.pdf
Uploading PDF to S3: {
  bucket: 'reminder-mvp-textract-pdfs',
  key: 'invoices/1759772501782-Kixbox SS25 Drop 1 NOS.pdf',
  size: 74696
}
S3 upload successful
Starting Textract async job: {
  bucket: 'reminder-mvp-textract-pdfs',
  key: 'invoices/1759772501782-Kixbox SS25 Drop 1 NOS.pdf'
}
Textract job started: 9c17b9eb54f2437c05ff806bbfc2b7b3ab658a25ea32a1c70e2a8dca571adf3e
Polling Textract job (attempt 1/60): 9c17b9eb54f2437c05ff806bbfc2b7b3ab658a25ea32a1c70e2a8dca571adf3e
Job status: IN_PROGRESS
Polling Textract job (attempt 2/60): 9c17b9eb54f2437c05ff806bbfc2b7b3ab658a25ea32a1c70e2a8dca571adf3e
Job status: SUCCEEDED
Textract job completed, blocks: 865
Extracted text length: 4291
First 200 chars: INVOICE P P Invoice number V01250066 Invoice date 01-29-2025 Debtor number 10198 Your VAT LV44103147613 P P Street Operator SIA / October Pop Trading Company Ausekla lela 53 Sint Annendwarsstraat 3 a 
Textract async extraction complete: {
  invoiceNumber: 'V01250066',
  customerName: 'Street Operator SIA / October',
  totalAmount: 3768,
  confidence: 100
}
S3 cleanup successful: invoices/1759772501782-Kixbox SS25 Drop 1 NOS.pdf
prisma:error Error in PostgreSQL connection: Error { kind: Closed, cause: None }
   ✅ Kixbox SS25 Drop 1 NOS.pdf: V01250066 - €3768
   Processing: Kixbox_October SS25 Drop 2  .pdf
Uploading PDF to S3: {
  bucket: 'reminder-mvp-textract-pdfs',
  key: 'invoices/1759772512610-Kixbox_October SS25 Drop 2  .pdf',
  size: 76144
}
S3 upload successful
Starting Textract async job: {
  bucket: 'reminder-mvp-textract-pdfs',
  key: 'invoices/1759772512610-Kixbox_October SS25 Drop 2  .pdf'
}
Textract job started: f94f31753f9703aab2ea99d231eda9e9d86f0e91a574b6e43bdf769ae0224728
Polling Textract job (attempt 1/60): f94f31753f9703aab2ea99d231eda9e9d86f0e91a574b6e43bdf769ae0224728
Job status: IN_PROGRESS
Polling Textract job (attempt 2/60): f94f31753f9703aab2ea99d231eda9e9d86f0e91a574b6e43bdf769ae0224728
Job status: IN_PROGRESS
Polling Textract job (attempt 3/60): f94f31753f9703aab2ea99d231eda9e9d86f0e91a574b6e43bdf769ae0224728
Job status: SUCCEEDED
Textract job completed, blocks: 1201
Extracted text length: 5908
First 200 chars: INVOICE P P Invoice number V01250245 Invoice date 02-19-2025 Debtor number 10198 Your VAT LV44103147613 P P Street Operator SIA / October Pop Trading Company Ausekla lela 53 Sint Annendwarsstraat 3 a 
Textract async extraction complete: {
  invoiceNumber: 'V01250245',
  customerName: 'Street Operator SIA / October',
  totalAmount: 6297,
  confidence: 100
}
S3 cleanup successful: invoices/1759772512610-Kixbox_October SS25 Drop 2  .pdf
   ✅ Kixbox_October SS25 Drop 2  .pdf: V01250245 - €6297
   Processing: Kyoto SS25 Drop 1 NOS.pdf
Uploading PDF to S3: {
  bucket: 'reminder-mvp-textract-pdfs',
  key: 'invoices/1759772529274-Kyoto SS25 Drop 1 NOS.pdf',
  size: 73236
}
S3 upload successful
Starting Textract async job: {
  bucket: 'reminder-mvp-textract-pdfs',
  key: 'invoices/1759772529274-Kyoto SS25 Drop 1 NOS.pdf'
}
Textract job started: 22e5c0b6594c5b217efe76fc08233ad1daa113e1ec3a2d01fdc576f7344199c5
Polling Textract job (attempt 1/60): 22e5c0b6594c5b217efe76fc08233ad1daa113e1ec3a2d01fdc576f7344199c5
Job status: IN_PROGRESS
Polling Textract job (attempt 2/60): 22e5c0b6594c5b217efe76fc08233ad1daa113e1ec3a2d01fdc576f7344199c5
Job status: IN_PROGRESS
Polling Textract job (attempt 3/60): 22e5c0b6594c5b217efe76fc08233ad1daa113e1ec3a2d01fdc576f7344199c5
Job status: SUCCEEDED
Textract job completed, blocks: 614
Extracted text length: 3079
First 200 chars: INVOICE P P Invoice number V01250090 Invoice date 01-29-2025 Debtor number 10385 Your VAT DK33759096 P P Kyoto Pop Trading Company 95 Istedgade Sint Annendwarsstraat 3 a 1650 COPENHAGEN 1012 HC AMSTER
Textract async extraction complete: {
  invoiceNumber: 'V01250090',
  customerName: 'Kyoto',
  totalAmount: 1861,
  confidence: 100
}
S3 cleanup successful: invoices/1759772529274-Kyoto SS25 Drop 1 NOS.pdf
   ✅ Kyoto SS25 Drop 1 NOS.pdf: V01250090 - €1861
   ⏸️  Pausing 5s...

📋 Processing batch 6/14
   Processing: Kyoto SS25 Drop 2  .pdf
Uploading PDF to S3: {
  bucket: 'reminder-mvp-textract-pdfs',
  key: 'invoices/1759772550452-Kyoto SS25 Drop 2  .pdf',
  size: 73646
}
S3 upload successful
Starting Textract async job: {
  bucket: 'reminder-mvp-textract-pdfs',
  key: 'invoices/1759772550452-Kyoto SS25 Drop 2  .pdf'
}
Textract job started: 01023cbd889e67e3d277a0eaa4c8459cdb5bf0dd4315a1c2c7605bf364ae37d3
Polling Textract job (attempt 1/60): 01023cbd889e67e3d277a0eaa4c8459cdb5bf0dd4315a1c2c7605bf364ae37d3
Job status: IN_PROGRESS
Polling Textract job (attempt 2/60): 01023cbd889e67e3d277a0eaa4c8459cdb5bf0dd4315a1c2c7605bf364ae37d3
Job status: IN_PROGRESS
Polling Textract job (attempt 3/60): 01023cbd889e67e3d277a0eaa4c8459cdb5bf0dd4315a1c2c7605bf364ae37d3
Job status: IN_PROGRESS
Polling Textract job (attempt 4/60): 01023cbd889e67e3d277a0eaa4c8459cdb5bf0dd4315a1c2c7605bf364ae37d3
Job status: SUCCEEDED
Textract job completed, blocks: 613
Extracted text length: 3059
First 200 chars: INVOICE P P Invoice number V01250269 Invoice date 02-19-2025 Debtor number 10385 Your VAT DK33759096 P P Kyoto Pop Trading Company 95 Istedgade Sint Annendwarsstraat 3 a 1650 COPENHAGEN 1012 HC AMSTER
Textract async extraction complete: {
  invoiceNumber: 'V01250269',
  customerName: 'Kyoto',
  totalAmount: 2498,
  confidence: 100
}
S3 cleanup successful: invoices/1759772550452-Kyoto SS25 Drop 2  .pdf
   ✅ Kyoto SS25 Drop 2  .pdf: V01250269 - €2498
   Processing: Lagune SS25 Drop 1 NOS.pdf
Uploading PDF to S3: {
  bucket: 'reminder-mvp-textract-pdfs',
  key: 'invoices/1759772572072-Lagune SS25 Drop 1 NOS.pdf',
  size: 74632
}
S3 upload successful
Starting Textract async job: {
  bucket: 'reminder-mvp-textract-pdfs',
  key: 'invoices/1759772572072-Lagune SS25 Drop 1 NOS.pdf'
}
Textract job started: b46df60bd00c2eaf906c50a86cbb06431522311dbe5384aac7db32d0b0ea2829
Polling Textract job (attempt 1/60): b46df60bd00c2eaf906c50a86cbb06431522311dbe5384aac7db32d0b0ea2829
Job status: IN_PROGRESS
Polling Textract job (attempt 2/60): b46df60bd00c2eaf906c50a86cbb06431522311dbe5384aac7db32d0b0ea2829
Job status: IN_PROGRESS
Polling Textract job (attempt 3/60): b46df60bd00c2eaf906c50a86cbb06431522311dbe5384aac7db32d0b0ea2829
Job status: IN_PROGRESS
Polling Textract job (attempt 4/60): b46df60bd00c2eaf906c50a86cbb06431522311dbe5384aac7db32d0b0ea2829
Job status: IN_PROGRESS
Polling Textract job (attempt 5/60): b46df60bd00c2eaf906c50a86cbb06431522311dbe5384aac7db32d0b0ea2829
Job status: SUCCEEDED
Textract job completed, blocks: 778
Extracted text length: 3847
First 200 chars: INVOICE P P Invoice number V01250065 Invoice date 01-29-2025 Debtor number 10321 Your VAT DK28679998 P P Lagune Pop Trading Company 40 A, 4. sal Vermundsgade Sint Annendwarsstraat 3 a 2100 COPENHAGEN 
Textract async extraction complete: {
  invoiceNumber: 'V01250065',
  customerName: 'Lagune',
  totalAmount: 5574,
  confidence: 100
}
S3 cleanup successful: invoices/1759772572072-Lagune SS25 Drop 1 NOS.pdf
   ✅ Lagune SS25 Drop 1 NOS.pdf: V01250065 - €5574
   Processing: Lagune SS25 Drop 2  .pdf
Uploading PDF to S3: {
  bucket: 'reminder-mvp-textract-pdfs',
  key: 'invoices/1759772598516-Lagune SS25 Drop 2  .pdf',
  size: 73552
}
S3 upload successful
Starting Textract async job: {
  bucket: 'reminder-mvp-textract-pdfs',
  key: 'invoices/1759772598516-Lagune SS25 Drop 2  .pdf'
}
Textract job started: 5d7086f0effcd08107d1ca58929770e0a741ab8987b4b96044972fe38beef499
Polling Textract job (attempt 1/60): 5d7086f0effcd08107d1ca58929770e0a741ab8987b4b96044972fe38beef499
Job status: IN_PROGRESS
Polling Textract job (attempt 2/60): 5d7086f0effcd08107d1ca58929770e0a741ab8987b4b96044972fe38beef499
Job status: IN_PROGRESS
Polling Textract job (attempt 3/60): 5d7086f0effcd08107d1ca58929770e0a741ab8987b4b96044972fe38beef499
Job status: IN_PROGRESS
Polling Textract job (attempt 4/60): 5d7086f0effcd08107d1ca58929770e0a741ab8987b4b96044972fe38beef499
Job status: IN_PROGRESS
Polling Textract job (attempt 5/60): 5d7086f0effcd08107d1ca58929770e0a741ab8987b4b96044972fe38beef499
Job status: IN_PROGRESS
Polling Textract job (attempt 6/60): 5d7086f0effcd08107d1ca58929770e0a741ab8987b4b96044972fe38beef499
Job status: SUCCEEDED
Textract job completed, blocks: 659
Extracted text length: 3301
First 200 chars: INVOICE P P Invoice number V01250244 Invoice date 02-19-2025 Debtor number 10321 Your VAT DK28679998 P P Lagune Pop Trading Company 40 A, 4. sal Vermundsgade Sint Annendwarsstraat 3 a 2100 COPENHAGEN 
Textract async extraction complete: {
  invoiceNumber: 'V01250244',
  customerName: 'Lagune',
  totalAmount: 5086,
  confidence: 100
}
S3 cleanup successful: invoices/1759772598516-Lagune SS25 Drop 2  .pdf
   ✅ Lagune SS25 Drop 2  .pdf: V01250244 - €5086
   Processing: Locus SS25 Drop 1.pdf
Uploading PDF to S3: {
  bucket: 'reminder-mvp-textract-pdfs',
  key: 'invoices/1759772629409-Locus SS25 Drop 1.pdf',
  size: 70487
}
S3 upload successful
Starting Textract async job: {
  bucket: 'reminder-mvp-textract-pdfs',
  key: 'invoices/1759772629409-Locus SS25 Drop 1.pdf'
}
Textract job started: 7940256843a33ef2a8c752509eac96ca228a41aa78329da0edb19c3097cc3d1c
Polling Textract job (attempt 1/60): 7940256843a33ef2a8c752509eac96ca228a41aa78329da0edb19c3097cc3d1c
Job status: IN_PROGRESS
Polling Textract job (attempt 2/60): 7940256843a33ef2a8c752509eac96ca228a41aa78329da0edb19c3097cc3d1c
Job status: IN_PROGRESS
Polling Textract job (attempt 3/60): 7940256843a33ef2a8c752509eac96ca228a41aa78329da0edb19c3097cc3d1c
Job status: IN_PROGRESS
Polling Textract job (attempt 4/60): 7940256843a33ef2a8c752509eac96ca228a41aa78329da0edb19c3097cc3d1c
Job status: IN_PROGRESS
Polling Textract job (attempt 5/60): 7940256843a33ef2a8c752509eac96ca228a41aa78329da0edb19c3097cc3d1c
Job status: SUCCEEDED
Textract job completed, blocks: 497
Extracted text length: 2500
First 200 chars: INVOICE P P Invoice number V01250103 Invoice date 01-29-2025 Debtor number 10126 P P LOCUS, Blveprint Destionations Ship to: Pop Trading Company Treasury Tower 16th Floor, District 8 Speed Delivery Pt
Textract async extraction complete: {
  invoiceNumber: 'V01250103',
  customerName: 'LOCUS, Blveprint Destionations Ship to:',
  totalAmount: 694,
  confidence: 100
}
S3 cleanup successful: invoices/1759772629409-Locus SS25 Drop 1.pdf
